{"D:\\Gsap Image Visualizer\\GSAP-ImageSlider\\src\\config\\slide.config.js": {"path":"D:\\Gsap Image Visualizer\\GSAP-ImageSlider\\src\\config\\slide.config.js","statementMap":{"0":{"start":{"line":1,"column":29},"end":{"line":190,"column":1}},"1":{"start":{"line":192,"column":26},"end":{"line":198,"column":1}},"2":{"start":{"line":200,"column":27},"end":{"line":225,"column":1}}},"fnMap":{},"branchMap":{},"s":{"0":1,"1":1,"2":1},"f":{},"b":{},"_coverageSchema":"1a1c01bbd47fc00a2c39e90264f33305004495a9","hash":"3e0fee4131144086ad6281376a1cf5a9cd63497b"}
,"D:\\Gsap Image Visualizer\\GSAP-ImageSlider\\src\\core\\NavigationController.js": {"path":"D:\\Gsap Image Visualizer\\GSAP-ImageSlider\\src\\core\\NavigationController.js","statementMap":{"0":{"start":{"line":7,"column":4},"end":{"line":7,"column":39}},"1":{"start":{"line":8,"column":4},"end":{"line":8,"column":47}},"2":{"start":{"line":10,"column":4},"end":{"line":10,"column":26}},"3":{"start":{"line":11,"column":4},"end":{"line":11,"column":30}},"4":{"start":{"line":12,"column":4},"end":{"line":12,"column":25}},"5":{"start":{"line":14,"column":4},"end":{"line":14,"column":30}},"6":{"start":{"line":15,"column":4},"end":{"line":15,"column":31}},"7":{"start":{"line":16,"column":4},"end":{"line":16,"column":37}},"8":{"start":{"line":18,"column":4},"end":{"line":18,"column":25}},"9":{"start":{"line":19,"column":4},"end":{"line":19,"column":23}},"10":{"start":{"line":20,"column":4},"end":{"line":20,"column":31}},"11":{"start":{"line":22,"column":4},"end":{"line":22,"column":32}},"12":{"start":{"line":26,"column":4},"end":{"line":29,"column":5}},"13":{"start":{"line":27,"column":6},"end":{"line":27,"column":46}},"14":{"start":{"line":28,"column":6},"end":{"line":28,"column":13}},"15":{"start":{"line":31,"column":4},"end":{"line":31,"column":24}},"16":{"start":{"line":32,"column":4},"end":{"line":32,"column":21}},"17":{"start":{"line":33,"column":4},"end":{"line":33,"column":27}},"18":{"start":{"line":37,"column":4},"end":{"line":37,"column":25}},"19":{"start":{"line":38,"column":4},"end":{"line":38,"column":26}},"20":{"start":{"line":43,"column":4},"end":{"line":45,"column":5}},"21":{"start":{"line":44,"column":6},"end":{"line":44,"column":13}},"22":{"start":{"line":46,"column":4},"end":{"line":48,"column":5}},"23":{"start":{"line":47,"column":6},"end":{"line":47,"column":13}},"24":{"start":{"line":49,"column":4},"end":{"line":51,"column":5}},"25":{"start":{"line":50,"column":6},"end":{"line":50,"column":13}},"26":{"start":{"line":52,"column":4},"end":{"line":54,"column":5}},"27":{"start":{"line":53,"column":6},"end":{"line":53,"column":13}},"28":{"start":{"line":57,"column":4},"end":{"line":57,"column":26}},"29":{"start":{"line":58,"column":4},"end":{"line":58,"column":48}},"30":{"start":{"line":61,"column":27},"end":{"line":61,"column":75}},"31":{"start":{"line":62,"column":26},"end":{"line":62,"column":68}},"32":{"start":{"line":64,"column":4},"end":{"line":66,"column":5}},"33":{"start":{"line":65,"column":6},"end":{"line":65,"column":13}},"34":{"start":{"line":69,"column":4},"end":{"line":69,"column":36}},"35":{"start":{"line":70,"column":4},"end":{"line":70,"column":21}},"36":{"start":{"line":73,"column":4},"end":{"line":76,"column":7}},"37":{"start":{"line":75,"column":6},"end":{"line":75,"column":32}},"38":{"start":{"line":80,"column":22},"end":{"line":80,"column":66}},"39":{"start":{"line":81,"column":4},"end":{"line":81,"column":31}},"40":{"start":{"line":85,"column":22},"end":{"line":85,"column":87}},"41":{"start":{"line":86,"column":4},"end":{"line":86,"column":31}},"42":{"start":{"line":90,"column":4},"end":{"line":92,"column":5}},"43":{"start":{"line":91,"column":6},"end":{"line":91,"column":13}},"44":{"start":{"line":94,"column":4},"end":{"line":94,"column":26}},"45":{"start":{"line":96,"column":23},"end":{"line":120,"column":5}},"46":{"start":{"line":97,"column":21},"end":{"line":97,"column":22}},"47":{"start":{"line":98,"column":28},"end":{"line":98,"column":65}},"48":{"start":{"line":99,"column":24},"end":{"line":99,"column":75}},"49":{"start":{"line":101,"column":6},"end":{"line":119,"column":38}},"50":{"start":{"line":102,"column":8},"end":{"line":105,"column":9}},"51":{"start":{"line":103,"column":10},"end":{"line":103,"column":32}},"52":{"start":{"line":104,"column":10},"end":{"line":104,"column":17}},"53":{"start":{"line":107,"column":8},"end":{"line":107,"column":30}},"54":{"start":{"line":108,"column":8},"end":{"line":108,"column":63}},"55":{"start":{"line":110,"column":8},"end":{"line":118,"column":9}},"56":{"start":{"line":111,"column":10},"end":{"line":111,"column":36}},"57":{"start":{"line":112,"column":10},"end":{"line":112,"column":53}},"58":{"start":{"line":115,"column":10},"end":{"line":117,"column":11}},"59":{"start":{"line":116,"column":12},"end":{"line":116,"column":24}},"60":{"start":{"line":122,"column":4},"end":{"line":126,"column":5}},"61":{"start":{"line":123,"column":6},"end":{"line":123,"column":58}},"62":{"start":{"line":125,"column":6},"end":{"line":125,"column":19}},"63":{"start":{"line":130,"column":4},"end":{"line":130,"column":30}},"64":{"start":{"line":132,"column":4},"end":{"line":135,"column":5}},"65":{"start":{"line":133,"column":6},"end":{"line":133,"column":40}},"66":{"start":{"line":134,"column":6},"end":{"line":134,"column":33}},"67":{"start":{"line":139,"column":4},"end":{"line":142,"column":5}},"68":{"start":{"line":140,"column":6},"end":{"line":140,"column":40}},"69":{"start":{"line":141,"column":6},"end":{"line":141,"column":32}},"70":{"start":{"line":146,"column":4},"end":{"line":146,"column":51}},"71":{"start":{"line":147,"column":4},"end":{"line":147,"column":43}},"72":{"start":{"line":151,"column":21},"end":{"line":151,"column":65}},"73":{"start":{"line":152,"column":4},"end":{"line":154,"column":7}},"74":{"start":{"line":153,"column":6},"end":{"line":153,"column":61}},"75":{"start":{"line":158,"column":24},"end":{"line":158,"column":62}},"76":{"start":{"line":159,"column":23},"end":{"line":159,"column":60}},"77":{"start":{"line":161,"column":4},"end":{"line":163,"column":5}},"78":{"start":{"line":162,"column":6},"end":{"line":162,"column":67}},"79":{"start":{"line":164,"column":4},"end":{"line":166,"column":5}},"80":{"start":{"line":165,"column":6},"end":{"line":165,"column":75}},"81":{"start":{"line":170,"column":21},"end":{"line":170,"column":65}},"82":{"start":{"line":171,"column":4},"end":{"line":177,"column":5}},"83":{"start":{"line":172,"column":27},"end":{"line":172,"column":85}},"84":{"start":{"line":173,"column":6},"end":{"line":176,"column":7}},"85":{"start":{"line":174,"column":8},"end":{"line":174,"column":50}},"86":{"start":{"line":175,"column":8},"end":{"line":175,"column":41}},"87":{"start":{"line":181,"column":21},"end":{"line":181,"column":65}},"88":{"start":{"line":182,"column":4},"end":{"line":188,"column":5}},"89":{"start":{"line":183,"column":27},"end":{"line":183,"column":85}},"90":{"start":{"line":184,"column":6},"end":{"line":187,"column":7}},"91":{"start":{"line":185,"column":8},"end":{"line":185,"column":41}},"92":{"start":{"line":186,"column":8},"end":{"line":186,"column":65}},"93":{"start":{"line":186,"column":26},"end":{"line":186,"column":57}},"94":{"start":{"line":192,"column":21},"end":{"line":192,"column":65}},"95":{"start":{"line":193,"column":4},"end":{"line":202,"column":5}},"96":{"start":{"line":194,"column":27},"end":{"line":194,"column":85}},"97":{"start":{"line":195,"column":6},"end":{"line":201,"column":7}},"98":{"start":{"line":196,"column":8},"end":{"line":196,"column":62}},"99":{"start":{"line":197,"column":8},"end":{"line":197,"column":40}},"100":{"start":{"line":198,"column":8},"end":{"line":200,"column":16}},"101":{"start":{"line":199,"column":10},"end":{"line":199,"column":79}},"102":{"start":{"line":206,"column":25},"end":{"line":206,"column":61}},"103":{"start":{"line":207,"column":4},"end":{"line":209,"column":5}},"104":{"start":{"line":208,"column":6},"end":{"line":208,"column":13}},"105":{"start":{"line":211,"column":4},"end":{"line":211,"column":32}},"106":{"start":{"line":213,"column":4},"end":{"line":232,"column":7}},"107":{"start":{"line":214,"column":22},"end":{"line":214,"column":51}},"108":{"start":{"line":215,"column":6},"end":{"line":215,"column":74}},"109":{"start":{"line":216,"column":6},"end":{"line":216,"column":41}},"110":{"start":{"line":217,"column":6},"end":{"line":222,"column":8}},"111":{"start":{"line":225,"column":6},"end":{"line":229,"column":9}},"112":{"start":{"line":226,"column":8},"end":{"line":226,"column":28}},"113":{"start":{"line":227,"column":28},"end":{"line":227,"column":64}},"114":{"start":{"line":228,"column":8},"end":{"line":228,"column":37}},"115":{"start":{"line":231,"column":6},"end":{"line":231,"column":40}},"116":{"start":{"line":237,"column":4},"end":{"line":246,"column":7}},"117":{"start":{"line":238,"column":6},"end":{"line":240,"column":7}},"118":{"start":{"line":239,"column":8},"end":{"line":239,"column":15}},"119":{"start":{"line":241,"column":6},"end":{"line":245,"column":7}},"120":{"start":{"line":242,"column":8},"end":{"line":242,"column":30}},"121":{"start":{"line":243,"column":8},"end":{"line":243,"column":52}},"122":{"start":{"line":244,"column":8},"end":{"line":244,"column":20}},"123":{"start":{"line":249,"column":4},"end":{"line":265,"column":7}},"124":{"start":{"line":250,"column":6},"end":{"line":252,"column":7}},"125":{"start":{"line":251,"column":8},"end":{"line":251,"column":15}},"126":{"start":{"line":254,"column":6},"end":{"line":264,"column":7}},"127":{"start":{"line":255,"column":8},"end":{"line":255,"column":27}},"128":{"start":{"line":256,"column":8},"end":{"line":256,"column":30}},"129":{"start":{"line":257,"column":8},"end":{"line":257,"column":52}},"130":{"start":{"line":258,"column":8},"end":{"line":258,"column":20}},"131":{"start":{"line":259,"column":13},"end":{"line":264,"column":7}},"132":{"start":{"line":260,"column":8},"end":{"line":260,"column":27}},"133":{"start":{"line":261,"column":8},"end":{"line":261,"column":30}},"134":{"start":{"line":262,"column":8},"end":{"line":262,"column":52}},"135":{"start":{"line":263,"column":8},"end":{"line":263,"column":24}},"136":{"start":{"line":268,"column":4},"end":{"line":270,"column":7}},"137":{"start":{"line":269,"column":6},"end":{"line":269,"column":53}},"138":{"start":{"line":272,"column":4},"end":{"line":275,"column":7}},"139":{"start":{"line":273,"column":6},"end":{"line":273,"column":51}},"140":{"start":{"line":274,"column":6},"end":{"line":274,"column":26}},"141":{"start":{"line":278,"column":4},"end":{"line":284,"column":7}},"142":{"start":{"line":279,"column":6},"end":{"line":283,"column":7}},"143":{"start":{"line":280,"column":8},"end":{"line":280,"column":30}},"144":{"start":{"line":281,"column":13},"end":{"line":283,"column":7}},"145":{"start":{"line":282,"column":8},"end":{"line":282,"column":31}},"146":{"start":{"line":291,"column":26},"end":{"line":291,"column":69}},"147":{"start":{"line":293,"column":4},"end":{"line":295,"column":5}},"148":{"start":{"line":294,"column":6},"end":{"line":294,"column":13}},"149":{"start":{"line":297,"column":4},"end":{"line":307,"column":5}},"150":{"start":{"line":299,"column":6},"end":{"line":299,"column":28}},"151":{"start":{"line":300,"column":6},"end":{"line":300,"column":50}},"152":{"start":{"line":301,"column":6},"end":{"line":301,"column":18}},"153":{"start":{"line":302,"column":11},"end":{"line":307,"column":5}},"154":{"start":{"line":304,"column":6},"end":{"line":304,"column":28}},"155":{"start":{"line":305,"column":6},"end":{"line":305,"column":50}},"156":{"start":{"line":306,"column":6},"end":{"line":306,"column":22}},"157":{"start":{"line":311,"column":4},"end":{"line":311,"column":26}},"158":{"start":{"line":312,"column":4},"end":{"line":312,"column":25}}},"fnMap":{"0":{"name":"(anonymous_0)","decl":{"start":{"line":6,"column":2},"end":{"line":6,"column":3}},"loc":{"start":{"line":6,"column":48},"end":{"line":23,"column":3}},"line":6},"1":{"name":"(anonymous_1)","decl":{"start":{"line":25,"column":2},"end":{"line":25,"column":3}},"loc":{"start":{"line":25,"column":10},"end":{"line":34,"column":3}},"line":25},"2":{"name":"(anonymous_2)","decl":{"start":{"line":36,"column":2},"end":{"line":36,"column":3}},"loc":{"start":{"line":36,"column":9},"end":{"line":39,"column":3}},"line":36},"3":{"name":"(anonymous_3)","decl":{"start":{"line":41,"column":2},"end":{"line":41,"column":3}},"loc":{"start":{"line":41,"column":32},"end":{"line":77,"column":3}},"line":41},"4":{"name":"(anonymous_4)","decl":{"start":{"line":73,"column":75},"end":{"line":73,"column":76}},"loc":{"start":{"line":73,"column":81},"end":{"line":76,"column":5}},"line":73},"5":{"name":"(anonymous_5)","decl":{"start":{"line":79,"column":2},"end":{"line":79,"column":3}},"loc":{"start":{"line":79,"column":9},"end":{"line":82,"column":3}},"line":79},"6":{"name":"(anonymous_6)","decl":{"start":{"line":84,"column":2},"end":{"line":84,"column":3}},"loc":{"start":{"line":84,"column":13},"end":{"line":87,"column":3}},"line":84},"7":{"name":"(anonymous_7)","decl":{"start":{"line":89,"column":2},"end":{"line":89,"column":3}},"loc":{"start":{"line":89,"column":29},"end":{"line":127,"column":3}},"line":89},"8":{"name":"(anonymous_8)","decl":{"start":{"line":96,"column":23},"end":{"line":96,"column":24}},"loc":{"start":{"line":96,"column":29},"end":{"line":120,"column":5}},"line":96},"9":{"name":"(anonymous_9)","decl":{"start":{"line":101,"column":39},"end":{"line":101,"column":40}},"loc":{"start":{"line":101,"column":45},"end":{"line":119,"column":7}},"line":101},"10":{"name":"(anonymous_10)","decl":{"start":{"line":129,"column":2},"end":{"line":129,"column":3}},"loc":{"start":{"line":129,"column":19},"end":{"line":136,"column":3}},"line":129},"11":{"name":"(anonymous_11)","decl":{"start":{"line":138,"column":2},"end":{"line":138,"column":3}},"loc":{"start":{"line":138,"column":23},"end":{"line":143,"column":3}},"line":138},"12":{"name":"(anonymous_12)","decl":{"start":{"line":145,"column":2},"end":{"line":145,"column":3}},"loc":{"start":{"line":145,"column":14},"end":{"line":148,"column":3}},"line":145},"13":{"name":"(anonymous_13)","decl":{"start":{"line":150,"column":2},"end":{"line":150,"column":3}},"loc":{"start":{"line":150,"column":38},"end":{"line":155,"column":3}},"line":150},"14":{"name":"(anonymous_14)","decl":{"start":{"line":152,"column":21},"end":{"line":152,"column":22}},"loc":{"start":{"line":152,"column":38},"end":{"line":154,"column":5}},"line":152},"15":{"name":"(anonymous_15)","decl":{"start":{"line":157,"column":2},"end":{"line":157,"column":3}},"loc":{"start":{"line":157,"column":24},"end":{"line":167,"column":3}},"line":157},"16":{"name":"(anonymous_16)","decl":{"start":{"line":169,"column":2},"end":{"line":169,"column":3}},"loc":{"start":{"line":169,"column":45},"end":{"line":178,"column":3}},"line":169},"17":{"name":"(anonymous_17)","decl":{"start":{"line":180,"column":2},"end":{"line":180,"column":3}},"loc":{"start":{"line":180,"column":33},"end":{"line":189,"column":3}},"line":180},"18":{"name":"(anonymous_18)","decl":{"start":{"line":186,"column":19},"end":{"line":186,"column":20}},"loc":{"start":{"line":186,"column":26},"end":{"line":186,"column":57}},"line":186},"19":{"name":"(anonymous_19)","decl":{"start":{"line":191,"column":2},"end":{"line":191,"column":3}},"loc":{"start":{"line":191,"column":34},"end":{"line":203,"column":3}},"line":191},"20":{"name":"(anonymous_20)","decl":{"start":{"line":198,"column":19},"end":{"line":198,"column":20}},"loc":{"start":{"line":198,"column":25},"end":{"line":200,"column":9}},"line":198},"21":{"name":"(anonymous_21)","decl":{"start":{"line":205,"column":2},"end":{"line":205,"column":3}},"loc":{"start":{"line":205,"column":23},"end":{"line":233,"column":3}},"line":205},"22":{"name":"(anonymous_22)","decl":{"start":{"line":213,"column":24},"end":{"line":213,"column":25}},"loc":{"start":{"line":213,"column":42},"end":{"line":232,"column":5}},"line":213},"23":{"name":"(anonymous_23)","decl":{"start":{"line":225,"column":40},"end":{"line":225,"column":41}},"loc":{"start":{"line":225,"column":47},"end":{"line":229,"column":7}},"line":225},"24":{"name":"(anonymous_24)","decl":{"start":{"line":235,"column":2},"end":{"line":235,"column":3}},"loc":{"start":{"line":235,"column":25},"end":{"line":285,"column":3}},"line":235},"25":{"name":"(anonymous_25)","decl":{"start":{"line":237,"column":39},"end":{"line":237,"column":40}},"loc":{"start":{"line":237,"column":46},"end":{"line":246,"column":5}},"line":237},"26":{"name":"(anonymous_26)","decl":{"start":{"line":249,"column":41},"end":{"line":249,"column":42}},"loc":{"start":{"line":249,"column":48},"end":{"line":265,"column":5}},"line":249},"27":{"name":"(anonymous_27)","decl":{"start":{"line":268,"column":44},"end":{"line":268,"column":45}},"loc":{"start":{"line":268,"column":51},"end":{"line":270,"column":5}},"line":268},"28":{"name":"(anonymous_28)","decl":{"start":{"line":272,"column":42},"end":{"line":272,"column":43}},"loc":{"start":{"line":272,"column":49},"end":{"line":275,"column":5}},"line":272},"29":{"name":"(anonymous_29)","decl":{"start":{"line":278,"column":50},"end":{"line":278,"column":51}},"loc":{"start":{"line":278,"column":56},"end":{"line":284,"column":5}},"line":278},"30":{"name":"(anonymous_30)","decl":{"start":{"line":290,"column":2},"end":{"line":290,"column":3}},"loc":{"start":{"line":290,"column":17},"end":{"line":308,"column":3}},"line":290},"31":{"name":"(anonymous_31)","decl":{"start":{"line":310,"column":2},"end":{"line":310,"column":3}},"loc":{"start":{"line":310,"column":12},"end":{"line":313,"column":3}},"line":310}},"branchMap":{"0":{"loc":{"start":{"line":26,"column":4},"end":{"line":29,"column":5}},"type":"if","locations":[{"start":{"line":26,"column":4},"end":{"line":29,"column":5}},{"start":{},"end":{}}],"line":26},"1":{"loc":{"start":{"line":43,"column":4},"end":{"line":45,"column":5}},"type":"if","locations":[{"start":{"line":43,"column":4},"end":{"line":45,"column":5}},{"start":{},"end":{}}],"line":43},"2":{"loc":{"start":{"line":46,"column":4},"end":{"line":48,"column":5}},"type":"if","locations":[{"start":{"line":46,"column":4},"end":{"line":48,"column":5}},{"start":{},"end":{}}],"line":46},"3":{"loc":{"start":{"line":49,"column":4},"end":{"line":51,"column":5}},"type":"if","locations":[{"start":{"line":49,"column":4},"end":{"line":51,"column":5}},{"start":{},"end":{}}],"line":49},"4":{"loc":{"start":{"line":52,"column":4},"end":{"line":54,"column":5}},"type":"if","locations":[{"start":{"line":52,"column":4},"end":{"line":54,"column":5}},{"start":{},"end":{}}],"line":52},"5":{"loc":{"start":{"line":52,"column":8},"end":{"line":52,"column":60}},"type":"binary-expr","locations":[{"start":{"line":52,"column":8},"end":{"line":52,"column":23}},{"start":{"line":52,"column":27},"end":{"line":52,"column":60}}],"line":52},"6":{"loc":{"start":{"line":64,"column":4},"end":{"line":66,"column":5}},"type":"if","locations":[{"start":{"line":64,"column":4},"end":{"line":66,"column":5}},{"start":{},"end":{}}],"line":64},"7":{"loc":{"start":{"line":64,"column":8},"end":{"line":64,"column":41}},"type":"binary-expr","locations":[{"start":{"line":64,"column":8},"end":{"line":64,"column":23}},{"start":{"line":64,"column":27},"end":{"line":64,"column":41}}],"line":64},"8":{"loc":{"start":{"line":89,"column":18},"end":{"line":89,"column":27}},"type":"default-arg","locations":[{"start":{"line":89,"column":26},"end":{"line":89,"column":27}}],"line":89},"9":{"loc":{"start":{"line":90,"column":4},"end":{"line":92,"column":5}},"type":"if","locations":[{"start":{"line":90,"column":4},"end":{"line":92,"column":5}},{"start":{},"end":{}}],"line":90},"10":{"loc":{"start":{"line":102,"column":8},"end":{"line":105,"column":9}},"type":"if","locations":[{"start":{"line":102,"column":8},"end":{"line":105,"column":9}},{"start":{},"end":{}}],"line":102},"11":{"loc":{"start":{"line":110,"column":8},"end":{"line":118,"column":9}},"type":"if","locations":[{"start":{"line":110,"column":8},"end":{"line":118,"column":9}},{"start":{},"end":{}}],"line":110},"12":{"loc":{"start":{"line":115,"column":10},"end":{"line":117,"column":11}},"type":"if","locations":[{"start":{"line":115,"column":10},"end":{"line":117,"column":11}},{"start":{},"end":{}}],"line":115},"13":{"loc":{"start":{"line":122,"column":4},"end":{"line":126,"column":5}},"type":"if","locations":[{"start":{"line":122,"column":4},"end":{"line":126,"column":5}},{"start":{"line":124,"column":11},"end":{"line":126,"column":5}}],"line":122},"14":{"loc":{"start":{"line":132,"column":4},"end":{"line":135,"column":5}},"type":"if","locations":[{"start":{"line":132,"column":4},"end":{"line":135,"column":5}},{"start":{},"end":{}}],"line":132},"15":{"loc":{"start":{"line":139,"column":4},"end":{"line":142,"column":5}},"type":"if","locations":[{"start":{"line":139,"column":4},"end":{"line":142,"column":5}},{"start":{},"end":{}}],"line":139},"16":{"loc":{"start":{"line":161,"column":4},"end":{"line":163,"column":5}},"type":"if","locations":[{"start":{"line":161,"column":4},"end":{"line":163,"column":5}},{"start":{},"end":{}}],"line":161},"17":{"loc":{"start":{"line":164,"column":4},"end":{"line":166,"column":5}},"type":"if","locations":[{"start":{"line":164,"column":4},"end":{"line":166,"column":5}},{"start":{},"end":{}}],"line":164},"18":{"loc":{"start":{"line":171,"column":4},"end":{"line":177,"column":5}},"type":"if","locations":[{"start":{"line":171,"column":4},"end":{"line":177,"column":5}},{"start":{},"end":{}}],"line":171},"19":{"loc":{"start":{"line":173,"column":6},"end":{"line":176,"column":7}},"type":"if","locations":[{"start":{"line":173,"column":6},"end":{"line":176,"column":7}},{"start":{},"end":{}}],"line":173},"20":{"loc":{"start":{"line":182,"column":4},"end":{"line":188,"column":5}},"type":"if","locations":[{"start":{"line":182,"column":4},"end":{"line":188,"column":5}},{"start":{},"end":{}}],"line":182},"21":{"loc":{"start":{"line":184,"column":6},"end":{"line":187,"column":7}},"type":"if","locations":[{"start":{"line":184,"column":6},"end":{"line":187,"column":7}},{"start":{},"end":{}}],"line":184},"22":{"loc":{"start":{"line":193,"column":4},"end":{"line":202,"column":5}},"type":"if","locations":[{"start":{"line":193,"column":4},"end":{"line":202,"column":5}},{"start":{},"end":{}}],"line":193},"23":{"loc":{"start":{"line":195,"column":6},"end":{"line":201,"column":7}},"type":"if","locations":[{"start":{"line":195,"column":6},"end":{"line":201,"column":7}},{"start":{},"end":{}}],"line":195},"24":{"loc":{"start":{"line":207,"column":4},"end":{"line":209,"column":5}},"type":"if","locations":[{"start":{"line":207,"column":4},"end":{"line":209,"column":5}},{"start":{},"end":{}}],"line":207},"25":{"loc":{"start":{"line":215,"column":44},"end":{"line":215,"column":71}},"type":"cond-expr","locations":[{"start":{"line":215,"column":58},"end":{"line":215,"column":66}},{"start":{"line":215,"column":69},"end":{"line":215,"column":71}}],"line":215},"26":{"loc":{"start":{"line":238,"column":6},"end":{"line":240,"column":7}},"type":"if","locations":[{"start":{"line":238,"column":6},"end":{"line":240,"column":7}},{"start":{},"end":{}}],"line":238},"27":{"loc":{"start":{"line":241,"column":6},"end":{"line":245,"column":7}},"type":"if","locations":[{"start":{"line":241,"column":6},"end":{"line":245,"column":7}},{"start":{},"end":{}}],"line":241},"28":{"loc":{"start":{"line":241,"column":10},"end":{"line":241,"column":60}},"type":"binary-expr","locations":[{"start":{"line":241,"column":10},"end":{"line":241,"column":22}},{"start":{"line":241,"column":26},"end":{"line":241,"column":60}}],"line":241},"29":{"loc":{"start":{"line":250,"column":6},"end":{"line":252,"column":7}},"type":"if","locations":[{"start":{"line":250,"column":6},"end":{"line":252,"column":7}},{"start":{},"end":{}}],"line":250},"30":{"loc":{"start":{"line":250,"column":10},"end":{"line":250,"column":60}},"type":"binary-expr","locations":[{"start":{"line":250,"column":10},"end":{"line":250,"column":23}},{"start":{"line":250,"column":27},"end":{"line":250,"column":60}}],"line":250},"31":{"loc":{"start":{"line":254,"column":6},"end":{"line":264,"column":7}},"type":"if","locations":[{"start":{"line":254,"column":6},"end":{"line":264,"column":7}},{"start":{"line":259,"column":13},"end":{"line":264,"column":7}}],"line":254},"32":{"loc":{"start":{"line":254,"column":10},"end":{"line":254,"column":55}},"type":"binary-expr","locations":[{"start":{"line":254,"column":10},"end":{"line":254,"column":28}},{"start":{"line":254,"column":32},"end":{"line":254,"column":55}}],"line":254},"33":{"loc":{"start":{"line":259,"column":13},"end":{"line":264,"column":7}},"type":"if","locations":[{"start":{"line":259,"column":13},"end":{"line":264,"column":7}},{"start":{},"end":{}}],"line":259},"34":{"loc":{"start":{"line":279,"column":6},"end":{"line":283,"column":7}},"type":"if","locations":[{"start":{"line":279,"column":6},"end":{"line":283,"column":7}},{"start":{"line":281,"column":13},"end":{"line":283,"column":7}}],"line":279},"35":{"loc":{"start":{"line":281,"column":13},"end":{"line":283,"column":7}},"type":"if","locations":[{"start":{"line":281,"column":13},"end":{"line":283,"column":7}},{"start":{},"end":{}}],"line":281},"36":{"loc":{"start":{"line":281,"column":17},"end":{"line":281,"column":67}},"type":"binary-expr","locations":[{"start":{"line":281,"column":17},"end":{"line":281,"column":29}},{"start":{"line":281,"column":33},"end":{"line":281,"column":67}}],"line":281},"37":{"loc":{"start":{"line":293,"column":4},"end":{"line":295,"column":5}},"type":"if","locations":[{"start":{"line":293,"column":4},"end":{"line":295,"column":5}},{"start":{},"end":{}}],"line":293},"38":{"loc":{"start":{"line":297,"column":4},"end":{"line":307,"column":5}},"type":"if","locations":[{"start":{"line":297,"column":4},"end":{"line":307,"column":5}},{"start":{"line":302,"column":11},"end":{"line":307,"column":5}}],"line":297},"39":{"loc":{"start":{"line":302,"column":11},"end":{"line":307,"column":5}},"type":"if","locations":[{"start":{"line":302,"column":11},"end":{"line":307,"column":5}},{"start":{},"end":{}}],"line":302}},"s":{"0":20,"1":20,"2":20,"3":20,"4":20,"5":20,"6":20,"7":20,"8":20,"9":20,"10":20,"11":20,"12":0,"13":0,"14":0,"15":0,"16":0,"17":0,"18":0,"19":0,"20":9,"21":9,"22":0,"23":0,"24":0,"25":0,"26":0,"27":0,"28":0,"29":0,"30":0,"31":0,"32":0,"33":0,"34":0,"35":0,"36":0,"37":0,"38":6,"39":6,"40":3,"41":3,"42":0,"43":0,"44":0,"45":0,"46":0,"47":0,"48":0,"49":0,"50":0,"51":0,"52":0,"53":0,"54":0,"55":0,"56":0,"57":0,"58":0,"59":0,"60":0,"61":0,"62":0,"63":0,"64":0,"65":0,"66":0,"67":0,"68":0,"69":0,"70":0,"71":0,"72":0,"73":0,"74":0,"75":0,"76":0,"77":0,"78":0,"79":0,"80":0,"81":0,"82":0,"83":0,"84":0,"85":0,"86":0,"87":0,"88":0,"89":0,"90":0,"91":0,"92":0,"93":0,"94":0,"95":0,"96":0,"97":0,"98":0,"99":0,"100":0,"101":0,"102":0,"103":0,"104":0,"105":0,"106":0,"107":0,"108":0,"109":0,"110":0,"111":0,"112":0,"113":0,"114":0,"115":0,"116":20,"117":0,"118":0,"119":0,"120":0,"121":0,"122":0,"123":20,"124":0,"125":0,"126":0,"127":0,"128":0,"129":0,"130":0,"131":0,"132":0,"133":0,"134":0,"135":0,"136":20,"137":0,"138":20,"139":0,"140":0,"141":20,"142":0,"143":0,"144":0,"145":0,"146":0,"147":0,"148":0,"149":0,"150":0,"151":0,"152":0,"153":0,"154":0,"155":0,"156":0,"157":0,"158":0},"f":{"0":20,"1":0,"2":0,"3":9,"4":0,"5":6,"6":3,"7":0,"8":0,"9":0,"10":0,"11":0,"12":0,"13":0,"14":0,"15":0,"16":0,"17":0,"18":0,"19":0,"20":0,"21":0,"22":0,"23":0,"24":20,"25":0,"26":0,"27":0,"28":0,"29":0,"30":0,"31":0},"b":{"0":[0,0],"1":[9,0],"2":[0,0],"3":[0,0],"4":[0,0],"5":[0,0],"6":[0,0],"7":[0,0],"8":[0],"9":[0,0],"10":[0,0],"11":[0,0],"12":[0,0],"13":[0,0],"14":[0,0],"15":[0,0],"16":[0,0],"17":[0,0],"18":[0,0],"19":[0,0],"20":[0,0],"21":[0,0],"22":[0,0],"23":[0,0],"24":[0,0],"25":[0,0],"26":[0,0],"27":[0,0],"28":[0,0],"29":[0,0],"30":[0,0],"31":[0,0],"32":[0,0],"33":[0,0],"34":[0,0],"35":[0,0],"36":[0,0],"37":[0,0],"38":[0,0],"39":[0,0]},"_coverageSchema":"1a1c01bbd47fc00a2c39e90264f33305004495a9","hash":"6327d69cfd824d90d0e6811f3b6ddf518cdf1192"}
,"D:\\Gsap Image Visualizer\\GSAP-ImageSlider\\src\\core\\ShaderManager.js": {"path":"D:\\Gsap Image Visualizer\\GSAP-ImageSlider\\src\\core\\ShaderManager.js","statementMap":{"0":{"start":{"line":6,"column":4},"end":{"line":6,"column":25}},"1":{"start":{"line":7,"column":4},"end":{"line":7,"column":48}},"2":{"start":{"line":8,"column":4},"end":{"line":8,"column":52}},"3":{"start":{"line":12,"column":4},"end":{"line":16,"column":7}},"4":{"start":{"line":17,"column":4},"end":{"line":17,"column":25}},"5":{"start":{"line":21,"column":4},"end":{"line":23,"column":5}},"6":{"start":{"line":22,"column":6},"end":{"line":22,"column":13}},"7":{"start":{"line":25,"column":4},"end":{"line":25,"column":54}},"8":{"start":{"line":26,"column":4},"end":{"line":26,"column":54}},"9":{"start":{"line":27,"column":4},"end":{"line":27,"column":72}},"10":{"start":{"line":28,"column":4},"end":{"line":28,"column":72}},"11":{"start":{"line":32,"column":4},"end":{"line":34,"column":5}},"12":{"start":{"line":33,"column":6},"end":{"line":33,"column":13}},"13":{"start":{"line":35,"column":4},"end":{"line":35,"column":75}},"14":{"start":{"line":39,"column":4},"end":{"line":41,"column":5}},"15":{"start":{"line":40,"column":6},"end":{"line":40,"column":13}},"16":{"start":{"line":43,"column":25},"end":{"line":43,"column":38}},"17":{"start":{"line":44,"column":25},"end":{"line":44,"column":38}},"18":{"start":{"line":46,"column":4},"end":{"line":46,"column":80}},"19":{"start":{"line":47,"column":4},"end":{"line":47,"column":80}},"20":{"start":{"line":48,"column":4},"end":{"line":48,"column":86}},"21":{"start":{"line":49,"column":4},"end":{"line":49,"column":82}},"22":{"start":{"line":52,"column":4},"end":{"line":52,"column":96}},"23":{"start":{"line":53,"column":4},"end":{"line":53,"column":98}},"24":{"start":{"line":54,"column":4},"end":{"line":54,"column":86}},"25":{"start":{"line":55,"column":4},"end":{"line":55,"column":76}},"26":{"start":{"line":56,"column":4},"end":{"line":56,"column":80}},"27":{"start":{"line":58,"column":4},"end":{"line":58,"column":78}},"28":{"start":{"line":59,"column":4},"end":{"line":59,"column":82}},"29":{"start":{"line":60,"column":4},"end":{"line":60,"column":82}},"30":{"start":{"line":61,"column":4},"end":{"line":61,"column":82}},"31":{"start":{"line":62,"column":4},"end":{"line":62,"column":74}},"32":{"start":{"line":64,"column":4},"end":{"line":64,"column":80}},"33":{"start":{"line":65,"column":4},"end":{"line":65,"column":80}},"34":{"start":{"line":66,"column":4},"end":{"line":66,"column":80}},"35":{"start":{"line":67,"column":4},"end":{"line":67,"column":84}},"36":{"start":{"line":68,"column":4},"end":{"line":68,"column":72}},"37":{"start":{"line":70,"column":4},"end":{"line":70,"column":80}},"38":{"start":{"line":71,"column":4},"end":{"line":71,"column":72}},"39":{"start":{"line":72,"column":4},"end":{"line":72,"column":92}},"40":{"start":{"line":73,"column":4},"end":{"line":73,"column":88}},"41":{"start":{"line":74,"column":4},"end":{"line":74,"column":82}},"42":{"start":{"line":76,"column":4},"end":{"line":76,"column":88}},"43":{"start":{"line":77,"column":4},"end":{"line":77,"column":76}},"44":{"start":{"line":78,"column":4},"end":{"line":78,"column":76}},"45":{"start":{"line":79,"column":4},"end":{"line":79,"column":86}},"46":{"start":{"line":80,"column":4},"end":{"line":80,"column":88}},"47":{"start":{"line":84,"column":4},"end":{"line":86,"column":5}},"48":{"start":{"line":85,"column":6},"end":{"line":85,"column":34}},"49":{"start":{"line":90,"column":4},"end":{"line":92,"column":5}},"50":{"start":{"line":91,"column":6},"end":{"line":91,"column":13}},"51":{"start":{"line":93,"column":4},"end":{"line":93,"column":64}},"52":{"start":{"line":97,"column":4},"end":{"line":97,"column":61}},"53":{"start":{"line":101,"column":25},"end":{"line":101,"column":38}},"54":{"start":{"line":103,"column":4},"end":{"line":148,"column":6}},"55":{"start":{"line":152,"column":4},"end":{"line":158,"column":6}},"56":{"start":{"line":164,"column":4},"end":{"line":655,"column":6}}},"fnMap":{"0":{"name":"(anonymous_0)","decl":{"start":{"line":5,"column":2},"end":{"line":5,"column":3}},"loc":{"start":{"line":5,"column":16},"end":{"line":9,"column":3}},"line":5},"1":{"name":"(anonymous_1)","decl":{"start":{"line":11,"column":2},"end":{"line":11,"column":3}},"loc":{"start":{"line":11,"column":19},"end":{"line":18,"column":3}},"line":11},"2":{"name":"(anonymous_2)","decl":{"start":{"line":20,"column":2},"end":{"line":20,"column":3}},"loc":{"start":{"line":20,"column":37},"end":{"line":29,"column":3}},"line":20},"3":{"name":"(anonymous_3)","decl":{"start":{"line":31,"column":2},"end":{"line":31,"column":3}},"loc":{"start":{"line":31,"column":28},"end":{"line":36,"column":3}},"line":31},"4":{"name":"(anonymous_4)","decl":{"start":{"line":38,"column":2},"end":{"line":38,"column":3}},"loc":{"start":{"line":38,"column":19},"end":{"line":81,"column":3}},"line":38},"5":{"name":"(anonymous_5)","decl":{"start":{"line":83,"column":2},"end":{"line":83,"column":3}},"loc":{"start":{"line":83,"column":39},"end":{"line":87,"column":3}},"line":83},"6":{"name":"(anonymous_6)","decl":{"start":{"line":89,"column":2},"end":{"line":89,"column":3}},"loc":{"start":{"line":89,"column":34},"end":{"line":94,"column":3}},"line":89},"7":{"name":"(anonymous_7)","decl":{"start":{"line":96,"column":2},"end":{"line":96,"column":3}},"loc":{"start":{"line":96,"column":17},"end":{"line":98,"column":3}},"line":96},"8":{"name":"(anonymous_8)","decl":{"start":{"line":100,"column":2},"end":{"line":100,"column":3}},"loc":{"start":{"line":100,"column":20},"end":{"line":149,"column":3}},"line":100},"9":{"name":"(anonymous_9)","decl":{"start":{"line":151,"column":2},"end":{"line":151,"column":3}},"loc":{"start":{"line":151,"column":21},"end":{"line":159,"column":3}},"line":151},"10":{"name":"(anonymous_10)","decl":{"start":{"line":161,"column":2},"end":{"line":161,"column":3}},"loc":{"start":{"line":161,"column":23},"end":{"line":656,"column":3}},"line":161}},"branchMap":{"0":{"loc":{"start":{"line":21,"column":4},"end":{"line":23,"column":5}},"type":"if","locations":[{"start":{"line":21,"column":4},"end":{"line":23,"column":5}},{"start":{},"end":{}}],"line":21},"1":{"loc":{"start":{"line":32,"column":4},"end":{"line":34,"column":5}},"type":"if","locations":[{"start":{"line":32,"column":4},"end":{"line":34,"column":5}},{"start":{},"end":{}}],"line":32},"2":{"loc":{"start":{"line":35,"column":47},"end":{"line":35,"column":74}},"type":"binary-expr","locations":[{"start":{"line":35,"column":47},"end":{"line":35,"column":69}},{"start":{"line":35,"column":73},"end":{"line":35,"column":74}}],"line":35},"3":{"loc":{"start":{"line":39,"column":4},"end":{"line":41,"column":5}},"type":"if","locations":[{"start":{"line":39,"column":4},"end":{"line":41,"column":5}},{"start":{},"end":{}}],"line":39},"4":{"loc":{"start":{"line":84,"column":4},"end":{"line":86,"column":5}},"type":"if","locations":[{"start":{"line":84,"column":4},"end":{"line":86,"column":5}},{"start":{},"end":{}}],"line":84},"5":{"loc":{"start":{"line":90,"column":4},"end":{"line":92,"column":5}},"type":"if","locations":[{"start":{"line":90,"column":4},"end":{"line":92,"column":5}},{"start":{},"end":{}}],"line":90},"6":{"loc":{"start":{"line":97,"column":11},"end":{"line":97,"column":60}},"type":"binary-expr","locations":[{"start":{"line":97,"column":11},"end":{"line":97,"column":44}},{"start":{"line":97,"column":48},"end":{"line":97,"column":60}}],"line":97}},"s":{"0":0,"1":0,"2":0,"3":0,"4":0,"5":0,"6":0,"7":0,"8":0,"9":0,"10":0,"11":0,"12":0,"13":0,"14":0,"15":0,"16":0,"17":0,"18":0,"19":0,"20":0,"21":0,"22":0,"23":0,"24":0,"25":0,"26":0,"27":0,"28":0,"29":0,"30":0,"31":0,"32":0,"33":0,"34":0,"35":0,"36":0,"37":0,"38":0,"39":0,"40":0,"41":0,"42":0,"43":0,"44":0,"45":0,"46":0,"47":0,"48":0,"49":0,"50":0,"51":0,"52":0,"53":0,"54":0,"55":0,"56":0},"f":{"0":0,"1":0,"2":0,"3":0,"4":0,"5":0,"6":0,"7":0,"8":0,"9":0,"10":0},"b":{"0":[0,0],"1":[0,0],"2":[0,0],"3":[0,0],"4":[0,0],"5":[0,0],"6":[0,0]}}
,"D:\\Gsap Image Visualizer\\GSAP-ImageSlider\\src\\core\\TextureLoader.js": {"path":"D:\\Gsap Image Visualizer\\GSAP-ImageSlider\\src\\core\\TextureLoader.js","statementMap":{"0":{"start":{"line":7,"column":4},"end":{"line":7,"column":23}},"1":{"start":{"line":8,"column":4},"end":{"line":8,"column":44}},"2":{"start":{"line":9,"column":4},"end":{"line":9,"column":29}},"3":{"start":{"line":13,"column":4},"end":{"line":31,"column":7}},"4":{"start":{"line":14,"column":22},"end":{"line":16,"column":26}},"5":{"start":{"line":15,"column":8},"end":{"line":15,"column":61}},"6":{"start":{"line":18,"column":6},"end":{"line":30,"column":8}},"7":{"start":{"line":21,"column":10},"end":{"line":21,"column":32}},"8":{"start":{"line":22,"column":10},"end":{"line":22,"column":40}},"9":{"start":{"line":23,"column":10},"end":{"line":23,"column":27}},"10":{"start":{"line":27,"column":10},"end":{"line":27,"column":32}},"11":{"start":{"line":28,"column":10},"end":{"line":28,"column":24}},"12":{"start":{"line":35,"column":21},"end":{"line":40,"column":5}},"13":{"start":{"line":36,"column":6},"end":{"line":39,"column":8}},"14":{"start":{"line":37,"column":8},"end":{"line":37,"column":64}},"15":{"start":{"line":38,"column":8},"end":{"line":38,"column":20}},"16":{"start":{"line":42,"column":20},"end":{"line":42,"column":47}},"17":{"start":{"line":43,"column":4},"end":{"line":43,"column":66}},"18":{"start":{"line":43,"column":48},"end":{"line":43,"column":64}},"19":{"start":{"line":44,"column":4},"end":{"line":44,"column":25}},"20":{"start":{"line":48,"column":4},"end":{"line":48,"column":43}},"21":{"start":{"line":49,"column":4},"end":{"line":49,"column":43}},"22":{"start":{"line":50,"column":4},"end":{"line":52,"column":6}},"23":{"start":{"line":56,"column":4},"end":{"line":56,"column":40}},"24":{"start":{"line":60,"column":4},"end":{"line":60,"column":37}},"25":{"start":{"line":64,"column":4},"end":{"line":64,"column":32}},"26":{"start":{"line":68,"column":4},"end":{"line":72,"column":7}},"27":{"start":{"line":69,"column":6},"end":{"line":71,"column":7}},"28":{"start":{"line":70,"column":8},"end":{"line":70,"column":26}},"29":{"start":{"line":73,"column":4},"end":{"line":73,"column":23}}},"fnMap":{"0":{"name":"(anonymous_0)","decl":{"start":{"line":6,"column":2},"end":{"line":6,"column":3}},"loc":{"start":{"line":6,"column":16},"end":{"line":10,"column":3}},"line":6},"1":{"name":"(anonymous_1)","decl":{"start":{"line":12,"column":2},"end":{"line":12,"column":3}},"loc":{"start":{"line":12,"column":25},"end":{"line":32,"column":3}},"line":12},"2":{"name":"(anonymous_2)","decl":{"start":{"line":13,"column":23},"end":{"line":13,"column":24}},"loc":{"start":{"line":13,"column":44},"end":{"line":31,"column":5}},"line":13},"3":{"name":"(anonymous_3)","decl":{"start":{"line":14,"column":33},"end":{"line":14,"column":34}},"loc":{"start":{"line":14,"column":39},"end":{"line":16,"column":7}},"line":14},"4":{"name":"(anonymous_4)","decl":{"start":{"line":20,"column":8},"end":{"line":20,"column":9}},"loc":{"start":{"line":20,"column":21},"end":{"line":24,"column":9}},"line":20},"5":{"name":"(anonymous_5)","decl":{"start":{"line":26,"column":8},"end":{"line":26,"column":9}},"loc":{"start":{"line":26,"column":19},"end":{"line":29,"column":9}},"line":26},"6":{"name":"(anonymous_6)","decl":{"start":{"line":34,"column":2},"end":{"line":34,"column":3}},"loc":{"start":{"line":34,"column":32},"end":{"line":45,"column":3}},"line":34},"7":{"name":"(anonymous_7)","decl":{"start":{"line":35,"column":32},"end":{"line":35,"column":33}},"loc":{"start":{"line":36,"column":6},"end":{"line":39,"column":8}},"line":36},"8":{"name":"(anonymous_8)","decl":{"start":{"line":36,"column":42},"end":{"line":36,"column":43}},"loc":{"start":{"line":36,"column":53},"end":{"line":39,"column":7}},"line":36},"9":{"name":"(anonymous_9)","decl":{"start":{"line":43,"column":35},"end":{"line":43,"column":36}},"loc":{"start":{"line":43,"column":48},"end":{"line":43,"column":64}},"line":43},"10":{"name":"(anonymous_10)","decl":{"start":{"line":47,"column":2},"end":{"line":47,"column":3}},"loc":{"start":{"line":47,"column":27},"end":{"line":53,"column":3}},"line":47},"11":{"name":"(anonymous_11)","decl":{"start":{"line":55,"column":2},"end":{"line":55,"column":3}},"loc":{"start":{"line":55,"column":20},"end":{"line":57,"column":3}},"line":55},"12":{"name":"(anonymous_12)","decl":{"start":{"line":59,"column":2},"end":{"line":59,"column":3}},"loc":{"start":{"line":59,"column":17},"end":{"line":61,"column":3}},"line":59},"13":{"name":"(anonymous_13)","decl":{"start":{"line":63,"column":2},"end":{"line":63,"column":3}},"loc":{"start":{"line":63,"column":14},"end":{"line":65,"column":3}},"line":63},"14":{"name":"(anonymous_14)","decl":{"start":{"line":67,"column":2},"end":{"line":67,"column":3}},"loc":{"start":{"line":67,"column":12},"end":{"line":74,"column":3}},"line":67},"15":{"name":"(anonymous_15)","decl":{"start":{"line":68,"column":26},"end":{"line":68,"column":27}},"loc":{"start":{"line":68,"column":39},"end":{"line":72,"column":5}},"line":68}},"branchMap":{"0":{"loc":{"start":{"line":56,"column":11},"end":{"line":56,"column":39}},"type":"binary-expr","locations":[{"start":{"line":56,"column":11},"end":{"line":56,"column":31}},{"start":{"line":56,"column":35},"end":{"line":56,"column":39}}],"line":56},"1":{"loc":{"start":{"line":69,"column":6},"end":{"line":71,"column":7}},"type":"if","locations":[{"start":{"line":69,"column":6},"end":{"line":71,"column":7}},{"start":{},"end":{}}],"line":69}},"s":{"0":0,"1":0,"2":0,"3":0,"4":0,"5":0,"6":0,"7":0,"8":0,"9":0,"10":0,"11":0,"12":0,"13":0,"14":0,"15":0,"16":0,"17":0,"18":0,"19":0,"20":0,"21":0,"22":0,"23":0,"24":0,"25":0,"26":0,"27":0,"28":0,"29":0},"f":{"0":0,"1":0,"2":0,"3":0,"4":0,"5":0,"6":0,"7":0,"8":0,"9":0,"10":0,"11":0,"12":0,"13":0,"14":0,"15":0},"b":{"0":[0,0],"1":[0,0]}}
,"D:\\Gsap Image Visualizer\\GSAP-ImageSlider\\src\\core\\TransitionManager.js": {"path":"D:\\Gsap Image Visualizer\\GSAP-ImageSlider\\src\\core\\TransitionManager.js","statementMap":{"0":{"start":{"line":8,"column":4},"end":{"line":8,"column":39}},"1":{"start":{"line":9,"column":4},"end":{"line":9,"column":33}},"2":{"start":{"line":10,"column":4},"end":{"line":10,"column":33}},"3":{"start":{"line":14,"column":4},"end":{"line":17,"column":5}},"4":{"start":{"line":15,"column":6},"end":{"line":15,"column":53}},"5":{"start":{"line":16,"column":6},"end":{"line":16,"column":13}},"6":{"start":{"line":19,"column":4},"end":{"line":19,"column":32}},"7":{"start":{"line":22,"column":4},"end":{"line":22,"column":62}},"8":{"start":{"line":25,"column":4},"end":{"line":39,"column":7}},"9":{"start":{"line":26,"column":6},"end":{"line":38,"column":8}},"10":{"start":{"line":34,"column":12},"end":{"line":34,"column":62}},"11":{"start":{"line":35,"column":12},"end":{"line":35,"column":22}},"12":{"start":{"line":43,"column":4},"end":{"line":46,"column":5}},"13":{"start":{"line":44,"column":6},"end":{"line":44,"column":35}},"14":{"start":{"line":45,"column":6},"end":{"line":45,"column":35}},"15":{"start":{"line":47,"column":4},"end":{"line":47,"column":33}},"16":{"start":{"line":52,"column":4},"end":{"line":52,"column":42}},"17":{"start":{"line":55,"column":4},"end":{"line":55,"column":62}},"18":{"start":{"line":57,"column":4},"end":{"line":57,"column":33}},"19":{"start":{"line":58,"column":4},"end":{"line":58,"column":33}},"20":{"start":{"line":61,"column":4},"end":{"line":63,"column":5}},"21":{"start":{"line":62,"column":6},"end":{"line":62,"column":17}},"22":{"start":{"line":67,"column":4},"end":{"line":67,"column":53}},"23":{"start":{"line":71,"column":4},"end":{"line":71,"column":32}}},"fnMap":{"0":{"name":"(anonymous_0)","decl":{"start":{"line":7,"column":2},"end":{"line":7,"column":3}},"loc":{"start":{"line":7,"column":29},"end":{"line":11,"column":3}},"line":7},"1":{"name":"(anonymous_1)","decl":{"start":{"line":13,"column":2},"end":{"line":13,"column":3}},"loc":{"start":{"line":13,"column":55},"end":{"line":40,"column":3}},"line":13},"2":{"name":"(anonymous_2)","decl":{"start":{"line":25,"column":23},"end":{"line":25,"column":24}},"loc":{"start":{"line":25,"column":36},"end":{"line":39,"column":5}},"line":25},"3":{"name":"(anonymous_3)","decl":{"start":{"line":33,"column":22},"end":{"line":33,"column":23}},"loc":{"start":{"line":33,"column":28},"end":{"line":36,"column":11}},"line":33},"4":{"name":"(anonymous_4)","decl":{"start":{"line":42,"column":2},"end":{"line":42,"column":3}},"loc":{"start":{"line":42,"column":11},"end":{"line":48,"column":3}},"line":42},"5":{"name":"(anonymous_5)","decl":{"start":{"line":50,"column":2},"end":{"line":50,"column":3}},"loc":{"start":{"line":50,"column":46},"end":{"line":64,"column":3}},"line":50},"6":{"name":"(anonymous_6)","decl":{"start":{"line":66,"column":2},"end":{"line":66,"column":3}},"loc":{"start":{"line":66,"column":27},"end":{"line":68,"column":3}},"line":66},"7":{"name":"(anonymous_7)","decl":{"start":{"line":70,"column":2},"end":{"line":70,"column":3}},"loc":{"start":{"line":70,"column":19},"end":{"line":72,"column":3}},"line":70}},"branchMap":{"0":{"loc":{"start":{"line":14,"column":4},"end":{"line":17,"column":5}},"type":"if","locations":[{"start":{"line":14,"column":4},"end":{"line":17,"column":5}},{"start":{},"end":{}}],"line":14},"1":{"loc":{"start":{"line":43,"column":4},"end":{"line":46,"column":5}},"type":"if","locations":[{"start":{"line":43,"column":4},"end":{"line":46,"column":5}},{"start":{},"end":{}}],"line":43},"2":{"loc":{"start":{"line":61,"column":4},"end":{"line":63,"column":5}},"type":"if","locations":[{"start":{"line":61,"column":4},"end":{"line":63,"column":5}},{"start":{},"end":{}}],"line":61}},"s":{"0":0,"1":0,"2":0,"3":0,"4":0,"5":0,"6":0,"7":0,"8":0,"9":0,"10":0,"11":0,"12":0,"13":0,"14":0,"15":0,"16":0,"17":0,"18":0,"19":0,"20":0,"21":0,"22":0,"23":0},"f":{"0":0,"1":0,"2":0,"3":0,"4":0,"5":0,"6":0,"7":0},"b":{"0":[0,0],"1":[0,0],"2":[0,0]}}
,"D:\\Gsap Image Visualizer\\GSAP-ImageSlider\\src\\core\\UIController.js": {"path":"D:\\Gsap Image Visualizer\\GSAP-ImageSlider\\src\\core\\UIController.js","statementMap":{"0":{"start":{"line":8,"column":4},"end":{"line":8,"column":39}},"1":{"start":{"line":9,"column":4},"end":{"line":9,"column":41}},"2":{"start":{"line":10,"column":4},"end":{"line":10,"column":35}},"3":{"start":{"line":12,"column":4},"end":{"line":12,"column":21}},"4":{"start":{"line":13,"column":4},"end":{"line":13,"column":28}},"5":{"start":{"line":14,"column":4},"end":{"line":14,"column":34}},"6":{"start":{"line":16,"column":4},"end":{"line":16,"column":23}},"7":{"start":{"line":20,"column":4},"end":{"line":22,"column":7}},"8":{"start":{"line":24,"column":4},"end":{"line":24,"column":34}},"9":{"start":{"line":25,"column":4},"end":{"line":25,"column":33}},"10":{"start":{"line":26,"column":4},"end":{"line":26,"column":34}},"11":{"start":{"line":27,"column":4},"end":{"line":27,"column":34}},"12":{"start":{"line":28,"column":4},"end":{"line":28,"column":33}},"13":{"start":{"line":29,"column":4},"end":{"line":29,"column":31}},"14":{"start":{"line":30,"column":4},"end":{"line":30,"column":17}},"15":{"start":{"line":34,"column":19},"end":{"line":36,"column":6}},"16":{"start":{"line":38,"column":4},"end":{"line":43,"column":7}},"17":{"start":{"line":45,"column":4},"end":{"line":50,"column":7}},"18":{"start":{"line":52,"column":4},"end":{"line":57,"column":7}},"19":{"start":{"line":59,"column":4},"end":{"line":64,"column":7}},"20":{"start":{"line":68,"column":19},"end":{"line":70,"column":6}},"21":{"start":{"line":72,"column":4},"end":{"line":77,"column":7}},"22":{"start":{"line":79,"column":4},"end":{"line":84,"column":7}},"23":{"start":{"line":88,"column":19},"end":{"line":90,"column":6}},"24":{"start":{"line":92,"column":4},"end":{"line":101,"column":7}},"25":{"start":{"line":104,"column":4},"end":{"line":112,"column":9}},"26":{"start":{"line":109,"column":8},"end":{"line":111,"column":9}},"27":{"start":{"line":110,"column":10},"end":{"line":110,"column":29}},"28":{"start":{"line":116,"column":4},"end":{"line":118,"column":7}},"29":{"start":{"line":120,"column":4},"end":{"line":127,"column":6}},"30":{"start":{"line":131,"column":4},"end":{"line":131,"column":32}},"31":{"start":{"line":132,"column":4},"end":{"line":132,"column":32}},"32":{"start":{"line":133,"column":4},"end":{"line":133,"column":33}},"33":{"start":{"line":134,"column":4},"end":{"line":134,"column":33}},"34":{"start":{"line":135,"column":4},"end":{"line":135,"column":36}},"35":{"start":{"line":138,"column":4},"end":{"line":138,"column":77}},"36":{"start":{"line":145,"column":19},"end":{"line":145,"column":67}},"37":{"start":{"line":147,"column":4},"end":{"line":152,"column":7}},"38":{"start":{"line":153,"column":4},"end":{"line":158,"column":7}},"39":{"start":{"line":159,"column":4},"end":{"line":164,"column":7}},"40":{"start":{"line":165,"column":4},"end":{"line":170,"column":7}},"41":{"start":{"line":171,"column":4},"end":{"line":176,"column":7}},"42":{"start":{"line":178,"column":4},"end":{"line":178,"column":38}},"43":{"start":{"line":185,"column":19},"end":{"line":185,"column":67}},"44":{"start":{"line":187,"column":4},"end":{"line":192,"column":7}},"45":{"start":{"line":193,"column":4},"end":{"line":198,"column":7}},"46":{"start":{"line":199,"column":4},"end":{"line":204,"column":7}},"47":{"start":{"line":205,"column":4},"end":{"line":210,"column":7}},"48":{"start":{"line":211,"column":4},"end":{"line":216,"column":7}},"49":{"start":{"line":218,"column":4},"end":{"line":218,"column":38}},"50":{"start":{"line":225,"column":19},"end":{"line":225,"column":68}},"51":{"start":{"line":227,"column":4},"end":{"line":232,"column":7}},"52":{"start":{"line":233,"column":4},"end":{"line":238,"column":7}},"53":{"start":{"line":239,"column":4},"end":{"line":244,"column":7}},"54":{"start":{"line":245,"column":4},"end":{"line":250,"column":7}},"55":{"start":{"line":251,"column":4},"end":{"line":256,"column":7}},"56":{"start":{"line":258,"column":4},"end":{"line":258,"column":39}},"57":{"start":{"line":265,"column":19},"end":{"line":265,"column":68}},"58":{"start":{"line":267,"column":4},"end":{"line":272,"column":7}},"59":{"start":{"line":273,"column":4},"end":{"line":278,"column":7}},"60":{"start":{"line":279,"column":4},"end":{"line":284,"column":7}},"61":{"start":{"line":285,"column":4},"end":{"line":290,"column":7}},"62":{"start":{"line":291,"column":4},"end":{"line":296,"column":7}},"63":{"start":{"line":298,"column":4},"end":{"line":298,"column":39}},"64":{"start":{"line":305,"column":19},"end":{"line":305,"column":71}},"65":{"start":{"line":307,"column":4},"end":{"line":312,"column":7}},"66":{"start":{"line":313,"column":4},"end":{"line":318,"column":7}},"67":{"start":{"line":319,"column":4},"end":{"line":324,"column":7}},"68":{"start":{"line":325,"column":4},"end":{"line":330,"column":7}},"69":{"start":{"line":331,"column":4},"end":{"line":336,"column":7}},"70":{"start":{"line":338,"column":4},"end":{"line":338,"column":42}},"71":{"start":{"line":345,"column":4},"end":{"line":376,"column":7}},"72":{"start":{"line":346,"column":6},"end":{"line":348,"column":7}},"73":{"start":{"line":347,"column":8},"end":{"line":347,"column":15}},"74":{"start":{"line":351,"column":6},"end":{"line":375,"column":7}},"75":{"start":{"line":352,"column":8},"end":{"line":352,"column":71}},"76":{"start":{"line":355,"column":11},"end":{"line":375,"column":7}},"77":{"start":{"line":356,"column":8},"end":{"line":359,"column":10}},"78":{"start":{"line":364,"column":8},"end":{"line":372,"column":9}},"79":{"start":{"line":370,"column":10},"end":{"line":370,"column":64}},"80":{"start":{"line":371,"column":10},"end":{"line":371,"column":30}},"81":{"start":{"line":374,"column":8},"end":{"line":374,"column":44}},"82":{"start":{"line":379,"column":4},"end":{"line":384,"column":7}},"83":{"start":{"line":380,"column":6},"end":{"line":383,"column":7}},"84":{"start":{"line":381,"column":8},"end":{"line":381,"column":27}},"85":{"start":{"line":382,"column":8},"end":{"line":382,"column":22}},"86":{"start":{"line":389,"column":4},"end":{"line":389,"column":48}},"87":{"start":{"line":392,"column":4},"end":{"line":392,"column":50}},"88":{"start":{"line":395,"column":4},"end":{"line":395,"column":41}},"89":{"start":{"line":398,"column":4},"end":{"line":398,"column":59}},"90":{"start":{"line":399,"column":4},"end":{"line":399,"column":44}},"91":{"start":{"line":402,"column":4},"end":{"line":404,"column":5}},"92":{"start":{"line":403,"column":6},"end":{"line":403,"column":37}},"93":{"start":{"line":406,"column":4},"end":{"line":406,"column":24}},"94":{"start":{"line":410,"column":4},"end":{"line":414,"column":7}},"95":{"start":{"line":411,"column":6},"end":{"line":413,"column":7}},"96":{"start":{"line":412,"column":8},"end":{"line":412,"column":77}},"97":{"start":{"line":419,"column":4},"end":{"line":421,"column":5}},"98":{"start":{"line":420,"column":6},"end":{"line":420,"column":52}},"99":{"start":{"line":424,"column":4},"end":{"line":431,"column":6}},"100":{"start":{"line":435,"column":20},"end":{"line":435,"column":59}},"101":{"start":{"line":436,"column":4},"end":{"line":438,"column":5}},"102":{"start":{"line":437,"column":6},"end":{"line":437,"column":34}},"103":{"start":{"line":440,"column":20},"end":{"line":440,"column":22}},"104":{"start":{"line":441,"column":4},"end":{"line":443,"column":7}},"105":{"start":{"line":442,"column":6},"end":{"line":442,"column":25}},"106":{"start":{"line":444,"column":4},"end":{"line":444,"column":33}},"107":{"start":{"line":446,"column":4},"end":{"line":446,"column":19}},"108":{"start":{"line":450,"column":20},"end":{"line":450,"column":59}},"109":{"start":{"line":451,"column":4},"end":{"line":453,"column":5}},"110":{"start":{"line":452,"column":6},"end":{"line":452,"column":13}},"111":{"start":{"line":455,"column":4},"end":{"line":455,"column":33}},"112":{"start":{"line":458,"column":4},"end":{"line":458,"column":63}},"113":{"start":{"line":461,"column":4},"end":{"line":461,"column":40}},"114":{"start":{"line":463,"column":4},"end":{"line":463,"column":24}},"115":{"start":{"line":465,"column":4},"end":{"line":467,"column":12}},"116":{"start":{"line":466,"column":6},"end":{"line":466,"column":36}},"117":{"start":{"line":471,"column":24},"end":{"line":471,"column":58}},"118":{"start":{"line":472,"column":4},"end":{"line":474,"column":5}},"119":{"start":{"line":473,"column":6},"end":{"line":473,"column":42}},"120":{"start":{"line":478,"column":24},"end":{"line":478,"column":58}},"121":{"start":{"line":479,"column":4},"end":{"line":481,"column":5}},"122":{"start":{"line":480,"column":6},"end":{"line":480,"column":41}},"123":{"start":{"line":485,"column":24},"end":{"line":485,"column":58}},"124":{"start":{"line":486,"column":4},"end":{"line":488,"column":5}},"125":{"start":{"line":487,"column":6},"end":{"line":487,"column":90}},"126":{"start":{"line":492,"column":4},"end":{"line":492,"column":24}},"127":{"start":{"line":496,"column":4},"end":{"line":498,"column":5}},"128":{"start":{"line":497,"column":6},"end":{"line":497,"column":26}}},"fnMap":{"0":{"name":"(anonymous_0)","decl":{"start":{"line":7,"column":2},"end":{"line":7,"column":3}},"loc":{"start":{"line":7,"column":58},"end":{"line":17,"column":3}},"line":7},"1":{"name":"(anonymous_1)","decl":{"start":{"line":19,"column":2},"end":{"line":19,"column":3}},"loc":{"start":{"line":19,"column":16},"end":{"line":31,"column":3}},"line":19},"2":{"name":"(anonymous_2)","decl":{"start":{"line":33,"column":2},"end":{"line":33,"column":3}},"loc":{"start":{"line":33,"column":27},"end":{"line":65,"column":3}},"line":33},"3":{"name":"(anonymous_3)","decl":{"start":{"line":67,"column":2},"end":{"line":67,"column":3}},"loc":{"start":{"line":67,"column":26},"end":{"line":85,"column":3}},"line":67},"4":{"name":"(anonymous_4)","decl":{"start":{"line":87,"column":2},"end":{"line":87,"column":3}},"loc":{"start":{"line":87,"column":27},"end":{"line":113,"column":3}},"line":87},"5":{"name":"(anonymous_5)","decl":{"start":{"line":108,"column":19},"end":{"line":108,"column":20}},"loc":{"start":{"line":108,"column":25},"end":{"line":112,"column":7}},"line":108},"6":{"name":"(anonymous_6)","decl":{"start":{"line":115,"column":2},"end":{"line":115,"column":3}},"loc":{"start":{"line":115,"column":27},"end":{"line":128,"column":3}},"line":115},"7":{"name":"(anonymous_7)","decl":{"start":{"line":130,"column":2},"end":{"line":130,"column":3}},"loc":{"start":{"line":130,"column":26},"end":{"line":139,"column":3}},"line":130},"8":{"name":"(anonymous_8)","decl":{"start":{"line":144,"column":2},"end":{"line":144,"column":3}},"loc":{"start":{"line":144,"column":25},"end":{"line":179,"column":3}},"line":144},"9":{"name":"(anonymous_9)","decl":{"start":{"line":184,"column":2},"end":{"line":184,"column":3}},"loc":{"start":{"line":184,"column":25},"end":{"line":219,"column":3}},"line":184},"10":{"name":"(anonymous_10)","decl":{"start":{"line":224,"column":2},"end":{"line":224,"column":3}},"loc":{"start":{"line":224,"column":26},"end":{"line":259,"column":3}},"line":224},"11":{"name":"(anonymous_11)","decl":{"start":{"line":264,"column":2},"end":{"line":264,"column":3}},"loc":{"start":{"line":264,"column":26},"end":{"line":299,"column":3}},"line":264},"12":{"name":"(anonymous_12)","decl":{"start":{"line":304,"column":2},"end":{"line":304,"column":3}},"loc":{"start":{"line":304,"column":29},"end":{"line":339,"column":3}},"line":304},"13":{"name":"(anonymous_13)","decl":{"start":{"line":344,"column":2},"end":{"line":344,"column":3}},"loc":{"start":{"line":344,"column":24},"end":{"line":385,"column":3}},"line":344},"14":{"name":"(anonymous_14)","decl":{"start":{"line":345,"column":27},"end":{"line":345,"column":28}},"loc":{"start":{"line":345,"column":38},"end":{"line":376,"column":5}},"line":345},"15":{"name":"(anonymous_15)","decl":{"start":{"line":379,"column":41},"end":{"line":379,"column":42}},"loc":{"start":{"line":379,"column":48},"end":{"line":384,"column":5}},"line":379},"16":{"name":"(anonymous_16)","decl":{"start":{"line":387,"column":2},"end":{"line":387,"column":3}},"loc":{"start":{"line":387,"column":33},"end":{"line":407,"column":3}},"line":387},"17":{"name":"(anonymous_17)","decl":{"start":{"line":409,"column":2},"end":{"line":409,"column":3}},"loc":{"start":{"line":409,"column":47},"end":{"line":415,"column":3}},"line":409},"18":{"name":"(anonymous_18)","decl":{"start":{"line":410,"column":44},"end":{"line":410,"column":45}},"loc":{"start":{"line":410,"column":60},"end":{"line":414,"column":5}},"line":410},"19":{"name":"(anonymous_19)","decl":{"start":{"line":417,"column":2},"end":{"line":417,"column":3}},"loc":{"start":{"line":417,"column":35},"end":{"line":432,"column":3}},"line":417},"20":{"name":"(anonymous_20)","decl":{"start":{"line":434,"column":2},"end":{"line":434,"column":3}},"loc":{"start":{"line":434,"column":32},"end":{"line":447,"column":3}},"line":434},"21":{"name":"(anonymous_21)","decl":{"start":{"line":441,"column":33},"end":{"line":441,"column":34}},"loc":{"start":{"line":441,"column":42},"end":{"line":443,"column":5}},"line":441},"22":{"name":"(anonymous_22)","decl":{"start":{"line":449,"column":2},"end":{"line":449,"column":3}},"loc":{"start":{"line":449,"column":39},"end":{"line":468,"column":3}},"line":449},"23":{"name":"(anonymous_23)","decl":{"start":{"line":465,"column":15},"end":{"line":465,"column":16}},"loc":{"start":{"line":465,"column":21},"end":{"line":467,"column":5}},"line":465},"24":{"name":"(anonymous_24)","decl":{"start":{"line":470,"column":2},"end":{"line":470,"column":3}},"loc":{"start":{"line":470,"column":9},"end":{"line":475,"column":3}},"line":470},"25":{"name":"(anonymous_25)","decl":{"start":{"line":477,"column":2},"end":{"line":477,"column":3}},"loc":{"start":{"line":477,"column":10},"end":{"line":482,"column":3}},"line":477},"26":{"name":"(anonymous_26)","decl":{"start":{"line":484,"column":2},"end":{"line":484,"column":3}},"loc":{"start":{"line":484,"column":11},"end":{"line":489,"column":3}},"line":484},"27":{"name":"(anonymous_27)","decl":{"start":{"line":491,"column":2},"end":{"line":491,"column":3}},"loc":{"start":{"line":491,"column":12},"end":{"line":493,"column":3}},"line":491},"28":{"name":"(anonymous_28)","decl":{"start":{"line":495,"column":2},"end":{"line":495,"column":3}},"loc":{"start":{"line":495,"column":12},"end":{"line":499,"column":3}},"line":495}},"branchMap":{"0":{"loc":{"start":{"line":109,"column":8},"end":{"line":111,"column":9}},"type":"if","locations":[{"start":{"line":109,"column":8},"end":{"line":111,"column":9}},{"start":{},"end":{}}],"line":109},"1":{"loc":{"start":{"line":346,"column":6},"end":{"line":348,"column":7}},"type":"if","locations":[{"start":{"line":346,"column":6},"end":{"line":348,"column":7}},{"start":{},"end":{}}],"line":346},"2":{"loc":{"start":{"line":351,"column":6},"end":{"line":375,"column":7}},"type":"if","locations":[{"start":{"line":351,"column":6},"end":{"line":375,"column":7}},{"start":{"line":355,"column":11},"end":{"line":375,"column":7}}],"line":351},"3":{"loc":{"start":{"line":355,"column":11},"end":{"line":375,"column":7}},"type":"if","locations":[{"start":{"line":355,"column":11},"end":{"line":375,"column":7}},{"start":{"line":362,"column":11},"end":{"line":375,"column":7}}],"line":355},"4":{"loc":{"start":{"line":364,"column":8},"end":{"line":372,"column":9}},"type":"if","locations":[{"start":{"line":364,"column":8},"end":{"line":372,"column":9}},{"start":{},"end":{}}],"line":364},"5":{"loc":{"start":{"line":365,"column":10},"end":{"line":368,"column":45}},"type":"binary-expr","locations":[{"start":{"line":365,"column":10},"end":{"line":365,"column":53}},{"start":{"line":366,"column":10},"end":{"line":366,"column":46}},{"start":{"line":367,"column":10},"end":{"line":367,"column":48}},{"start":{"line":368,"column":10},"end":{"line":368,"column":45}}],"line":365},"6":{"loc":{"start":{"line":380,"column":6},"end":{"line":383,"column":7}},"type":"if","locations":[{"start":{"line":380,"column":6},"end":{"line":383,"column":7}},{"start":{},"end":{}}],"line":380},"7":{"loc":{"start":{"line":402,"column":4},"end":{"line":404,"column":5}},"type":"if","locations":[{"start":{"line":402,"column":4},"end":{"line":404,"column":5}},{"start":{},"end":{}}],"line":402},"8":{"loc":{"start":{"line":411,"column":6},"end":{"line":413,"column":7}},"type":"if","locations":[{"start":{"line":411,"column":6},"end":{"line":413,"column":7}},{"start":{},"end":{}}],"line":411},"9":{"loc":{"start":{"line":419,"column":4},"end":{"line":421,"column":5}},"type":"if","locations":[{"start":{"line":419,"column":4},"end":{"line":421,"column":5}},{"start":{},"end":{}}],"line":419},"10":{"loc":{"start":{"line":436,"column":4},"end":{"line":438,"column":5}},"type":"if","locations":[{"start":{"line":436,"column":4},"end":{"line":438,"column":5}},{"start":{},"end":{}}],"line":436},"11":{"loc":{"start":{"line":451,"column":4},"end":{"line":453,"column":5}},"type":"if","locations":[{"start":{"line":451,"column":4},"end":{"line":453,"column":5}},{"start":{},"end":{}}],"line":451},"12":{"loc":{"start":{"line":451,"column":8},"end":{"line":451,"column":40}},"type":"binary-expr","locations":[{"start":{"line":451,"column":8},"end":{"line":451,"column":16}},{"start":{"line":451,"column":20},"end":{"line":451,"column":40}}],"line":451},"13":{"loc":{"start":{"line":472,"column":4},"end":{"line":474,"column":5}},"type":"if","locations":[{"start":{"line":472,"column":4},"end":{"line":474,"column":5}},{"start":{},"end":{}}],"line":472},"14":{"loc":{"start":{"line":479,"column":4},"end":{"line":481,"column":5}},"type":"if","locations":[{"start":{"line":479,"column":4},"end":{"line":481,"column":5}},{"start":{},"end":{}}],"line":479},"15":{"loc":{"start":{"line":486,"column":4},"end":{"line":488,"column":5}},"type":"if","locations":[{"start":{"line":486,"column":4},"end":{"line":488,"column":5}},{"start":{},"end":{}}],"line":486},"16":{"loc":{"start":{"line":487,"column":34},"end":{"line":487,"column":89}},"type":"cond-expr","locations":[{"start":{"line":487,"column":73},"end":{"line":487,"column":80}},{"start":{"line":487,"column":83},"end":{"line":487,"column":89}}],"line":487},"17":{"loc":{"start":{"line":496,"column":4},"end":{"line":498,"column":5}},"type":"if","locations":[{"start":{"line":496,"column":4},"end":{"line":498,"column":5}},{"start":{},"end":{}}],"line":496}},"s":{"0":0,"1":0,"2":0,"3":0,"4":0,"5":0,"6":0,"7":0,"8":0,"9":0,"10":0,"11":0,"12":0,"13":0,"14":0,"15":0,"16":0,"17":0,"18":0,"19":0,"20":0,"21":0,"22":0,"23":0,"24":0,"25":0,"26":0,"27":0,"28":0,"29":0,"30":0,"31":0,"32":0,"33":0,"34":0,"35":0,"36":0,"37":0,"38":0,"39":0,"40":0,"41":0,"42":0,"43":0,"44":0,"45":0,"46":0,"47":0,"48":0,"49":0,"50":0,"51":0,"52":0,"53":0,"54":0,"55":0,"56":0,"57":0,"58":0,"59":0,"60":0,"61":0,"62":0,"63":0,"64":0,"65":0,"66":0,"67":0,"68":0,"69":0,"70":0,"71":0,"72":0,"73":0,"74":0,"75":0,"76":0,"77":0,"78":0,"79":0,"80":0,"81":0,"82":0,"83":0,"84":0,"85":0,"86":0,"87":0,"88":0,"89":0,"90":0,"91":0,"92":0,"93":0,"94":0,"95":0,"96":0,"97":0,"98":0,"99":0,"100":0,"101":0,"102":0,"103":0,"104":0,"105":0,"106":0,"107":0,"108":0,"109":0,"110":0,"111":0,"112":0,"113":0,"114":0,"115":0,"116":0,"117":0,"118":0,"119":0,"120":0,"121":0,"122":0,"123":0,"124":0,"125":0,"126":0,"127":0,"128":0},"f":{"0":0,"1":0,"2":0,"3":0,"4":0,"5":0,"6":0,"7":0,"8":0,"9":0,"10":0,"11":0,"12":0,"13":0,"14":0,"15":0,"16":0,"17":0,"18":0,"19":0,"20":0,"21":0,"22":0,"23":0,"24":0,"25":0,"26":0,"27":0,"28":0},"b":{"0":[0,0],"1":[0,0],"2":[0,0],"3":[0,0],"4":[0,0],"5":[0,0,0,0],"6":[0,0],"7":[0,0],"8":[0,0],"9":[0,0],"10":[0,0],"11":[0,0],"12":[0,0],"13":[0,0],"14":[0,0],"15":[0,0],"16":[0,0],"17":[0,0]}}
,"D:\\Gsap Image Visualizer\\GSAP-ImageSlider\\src\\utils\\Randomizer.js": {"path":"D:\\Gsap Image Visualizer\\GSAP-ImageSlider\\src\\utils\\Randomizer.js","statementMap":{"0":{"start":{"line":7,"column":4},"end":{"line":7,"column":75}},"1":{"start":{"line":11,"column":25},"end":{"line":11,"column":48}},"2":{"start":{"line":12,"column":4},"end":{"line":12,"column":56}},"3":{"start":{"line":14,"column":4},"end":{"line":14,"column":36}},"4":{"start":{"line":16,"column":4},"end":{"line":16,"column":48}},"5":{"start":{"line":18,"column":4},"end":{"line":18,"column":58}},"6":{"start":{"line":20,"column":4},"end":{"line":20,"column":24}},"7":{"start":{"line":24,"column":24},"end":{"line":24,"column":75}},"8":{"start":{"line":25,"column":4},"end":{"line":25,"column":41}},"9":{"start":{"line":29,"column":4},"end":{"line":29,"column":73}},"10":{"start":{"line":30,"column":4},"end":{"line":30,"column":73}},"11":{"start":{"line":31,"column":4},"end":{"line":31,"column":76}},"12":{"start":{"line":32,"column":4},"end":{"line":32,"column":74}},"13":{"start":{"line":36,"column":4},"end":{"line":52,"column":5}},"14":{"start":{"line":38,"column":8},"end":{"line":38,"column":31}},"15":{"start":{"line":39,"column":8},"end":{"line":39,"column":14}},"16":{"start":{"line":41,"column":8},"end":{"line":41,"column":31}},"17":{"start":{"line":42,"column":8},"end":{"line":42,"column":14}},"18":{"start":{"line":44,"column":8},"end":{"line":44,"column":32}},"19":{"start":{"line":45,"column":8},"end":{"line":45,"column":14}},"20":{"start":{"line":47,"column":8},"end":{"line":47,"column":32}},"21":{"start":{"line":48,"column":8},"end":{"line":48,"column":14}},"22":{"start":{"line":50,"column":8},"end":{"line":50,"column":35}},"23":{"start":{"line":51,"column":8},"end":{"line":51,"column":14}},"24":{"start":{"line":56,"column":4},"end":{"line":56,"column":81}},"25":{"start":{"line":57,"column":4},"end":{"line":57,"column":82}},"26":{"start":{"line":58,"column":4},"end":{"line":58,"column":76}},"27":{"start":{"line":59,"column":4},"end":{"line":59,"column":69}},"28":{"start":{"line":60,"column":4},"end":{"line":60,"column":73}},"29":{"start":{"line":64,"column":4},"end":{"line":64,"column":72}},"30":{"start":{"line":65,"column":4},"end":{"line":65,"column":74}},"31":{"start":{"line":66,"column":4},"end":{"line":66,"column":74}},"32":{"start":{"line":67,"column":4},"end":{"line":67,"column":74}},"33":{"start":{"line":68,"column":4},"end":{"line":68,"column":70}},"34":{"start":{"line":72,"column":4},"end":{"line":72,"column":75}},"35":{"start":{"line":73,"column":4},"end":{"line":73,"column":75}},"36":{"start":{"line":74,"column":4},"end":{"line":74,"column":73}},"37":{"start":{"line":75,"column":4},"end":{"line":75,"column":75}},"38":{"start":{"line":76,"column":4},"end":{"line":76,"column":69}},"39":{"start":{"line":80,"column":4},"end":{"line":80,"column":73}},"40":{"start":{"line":81,"column":4},"end":{"line":81,"column":69}},"41":{"start":{"line":82,"column":4},"end":{"line":82,"column":77}},"42":{"start":{"line":83,"column":4},"end":{"line":83,"column":75}},"43":{"start":{"line":84,"column":4},"end":{"line":84,"column":74}},"44":{"start":{"line":88,"column":4},"end":{"line":88,"column":77}},"45":{"start":{"line":89,"column":4},"end":{"line":89,"column":71}},"46":{"start":{"line":90,"column":4},"end":{"line":90,"column":71}},"47":{"start":{"line":91,"column":4},"end":{"line":91,"column":76}},"48":{"start":{"line":92,"column":4},"end":{"line":92,"column":77}},"49":{"start":{"line":96,"column":4},"end":{"line":96,"column":45}}},"fnMap":{"0":{"name":"(anonymous_0)","decl":{"start":{"line":6,"column":2},"end":{"line":6,"column":3}},"loc":{"start":{"line":6,"column":16},"end":{"line":8,"column":3}},"line":6},"1":{"name":"(anonymous_1)","decl":{"start":{"line":10,"column":2},"end":{"line":10,"column":3}},"loc":{"start":{"line":10,"column":14},"end":{"line":21,"column":3}},"line":10},"2":{"name":"(anonymous_2)","decl":{"start":{"line":23,"column":2},"end":{"line":23,"column":3}},"loc":{"start":{"line":23,"column":21},"end":{"line":26,"column":3}},"line":23},"3":{"name":"(anonymous_3)","decl":{"start":{"line":28,"column":2},"end":{"line":28,"column":3}},"loc":{"start":{"line":28,"column":29},"end":{"line":33,"column":3}},"line":28},"4":{"name":"(anonymous_4)","decl":{"start":{"line":35,"column":2},"end":{"line":35,"column":3}},"loc":{"start":{"line":35,"column":39},"end":{"line":53,"column":3}},"line":35},"5":{"name":"(anonymous_5)","decl":{"start":{"line":55,"column":2},"end":{"line":55,"column":3}},"loc":{"start":{"line":55,"column":20},"end":{"line":61,"column":3}},"line":55},"6":{"name":"(anonymous_6)","decl":{"start":{"line":63,"column":2},"end":{"line":63,"column":3}},"loc":{"start":{"line":63,"column":20},"end":{"line":69,"column":3}},"line":63},"7":{"name":"(anonymous_7)","decl":{"start":{"line":71,"column":2},"end":{"line":71,"column":3}},"loc":{"start":{"line":71,"column":21},"end":{"line":77,"column":3}},"line":71},"8":{"name":"(anonymous_8)","decl":{"start":{"line":79,"column":2},"end":{"line":79,"column":3}},"loc":{"start":{"line":79,"column":21},"end":{"line":85,"column":3}},"line":79},"9":{"name":"(anonymous_9)","decl":{"start":{"line":87,"column":2},"end":{"line":87,"column":3}},"loc":{"start":{"line":87,"column":24},"end":{"line":93,"column":3}},"line":87},"10":{"name":"(anonymous_10)","decl":{"start":{"line":95,"column":2},"end":{"line":95,"column":3}},"loc":{"start":{"line":95,"column":25},"end":{"line":97,"column":3}},"line":95}},"branchMap":{"0":{"loc":{"start":{"line":36,"column":4},"end":{"line":52,"column":5}},"type":"switch","locations":[{"start":{"line":37,"column":6},"end":{"line":39,"column":14}},{"start":{"line":40,"column":6},"end":{"line":42,"column":14}},{"start":{"line":43,"column":6},"end":{"line":45,"column":14}},{"start":{"line":46,"column":6},"end":{"line":48,"column":14}},{"start":{"line":49,"column":6},"end":{"line":51,"column":14}}],"line":36}},"s":{"0":0,"1":0,"2":0,"3":0,"4":0,"5":0,"6":0,"7":0,"8":0,"9":0,"10":0,"11":0,"12":0,"13":0,"14":0,"15":0,"16":0,"17":0,"18":0,"19":0,"20":0,"21":0,"22":0,"23":0,"24":0,"25":0,"26":0,"27":0,"28":0,"29":0,"30":0,"31":0,"32":0,"33":0,"34":0,"35":0,"36":0,"37":0,"38":0,"39":0,"40":0,"41":0,"42":0,"43":0,"44":0,"45":0,"46":0,"47":0,"48":0,"49":0},"f":{"0":0,"1":0,"2":0,"3":0,"4":0,"5":0,"6":0,"7":0,"8":0,"9":0,"10":0},"b":{"0":[0,0,0,0,0]}}
}
