TN:
SF:src\config\slide.config.js
FNF:0
FNH:0
DA:1,1
DA:192,1
DA:200,1
LF:3
LH:3
BRF:0
BRH:0
end_of_record
TN:
SF:src\core\NavigationController.js
FN:6,(anonymous_0)
FN:25,(anonymous_1)
FN:36,(anonymous_2)
FN:41,(anonymous_3)
FN:73,(anonymous_4)
FN:79,(anonymous_5)
FN:84,(anonymous_6)
FN:89,(anonymous_7)
FN:96,(anonymous_8)
FN:101,(anonymous_9)
FN:129,(anonymous_10)
FN:138,(anonymous_11)
FN:145,(anonymous_12)
FN:150,(anonymous_13)
FN:152,(anonymous_14)
FN:157,(anonymous_15)
FN:169,(anonymous_16)
FN:180,(anonymous_17)
FN:186,(anonymous_18)
FN:191,(anonymous_19)
FN:198,(anonymous_20)
FN:205,(anonymous_21)
FN:213,(anonymous_22)
FN:225,(anonymous_23)
FN:235,(anonymous_24)
FN:237,(anonymous_25)
FN:249,(anonymous_26)
FN:268,(anonymous_27)
FN:272,(anonymous_28)
FN:278,(anonymous_29)
FN:290,(anonymous_30)
FN:310,(anonymous_31)
FNF:32
FNH:5
FNDA:20,(anonymous_0)
FNDA:0,(anonymous_1)
FNDA:0,(anonymous_2)
FNDA:9,(anonymous_3)
FNDA:0,(anonymous_4)
FNDA:6,(anonymous_5)
FNDA:3,(anonymous_6)
FNDA:0,(anonymous_7)
FNDA:0,(anonymous_8)
FNDA:0,(anonymous_9)
FNDA:0,(anonymous_10)
FNDA:0,(anonymous_11)
FNDA:0,(anonymous_12)
FNDA:0,(anonymous_13)
FNDA:0,(anonymous_14)
FNDA:0,(anonymous_15)
FNDA:0,(anonymous_16)
FNDA:0,(anonymous_17)
FNDA:0,(anonymous_18)
FNDA:0,(anonymous_19)
FNDA:0,(anonymous_20)
FNDA:0,(anonymous_21)
FNDA:0,(anonymous_22)
FNDA:0,(anonymous_23)
FNDA:20,(anonymous_24)
FNDA:0,(anonymous_25)
FNDA:0,(anonymous_26)
FNDA:0,(anonymous_27)
FNDA:0,(anonymous_28)
FNDA:0,(anonymous_29)
FNDA:0,(anonymous_30)
FNDA:0,(anonymous_31)
DA:7,20
DA:8,20
DA:10,20
DA:11,20
DA:12,20
DA:14,20
DA:15,20
DA:16,20
DA:18,20
DA:19,20
DA:20,20
DA:22,20
DA:26,0
DA:27,0
DA:28,0
DA:31,0
DA:32,0
DA:33,0
DA:37,0
DA:38,0
DA:43,9
DA:44,9
DA:46,0
DA:47,0
DA:49,0
DA:50,0
DA:52,0
DA:53,0
DA:57,0
DA:58,0
DA:61,0
DA:62,0
DA:64,0
DA:65,0
DA:69,0
DA:70,0
DA:73,0
DA:75,0
DA:80,6
DA:81,6
DA:85,3
DA:86,3
DA:90,0
DA:91,0
DA:94,0
DA:96,0
DA:97,0
DA:98,0
DA:99,0
DA:101,0
DA:102,0
DA:103,0
DA:104,0
DA:107,0
DA:108,0
DA:110,0
DA:111,0
DA:112,0
DA:115,0
DA:116,0
DA:122,0
DA:123,0
DA:125,0
DA:130,0
DA:132,0
DA:133,0
DA:134,0
DA:139,0
DA:140,0
DA:141,0
DA:146,0
DA:147,0
DA:151,0
DA:152,0
DA:153,0
DA:158,0
DA:159,0
DA:161,0
DA:162,0
DA:164,0
DA:165,0
DA:170,0
DA:171,0
DA:172,0
DA:173,0
DA:174,0
DA:175,0
DA:181,0
DA:182,0
DA:183,0
DA:184,0
DA:185,0
DA:186,0
DA:192,0
DA:193,0
DA:194,0
DA:195,0
DA:196,0
DA:197,0
DA:198,0
DA:199,0
DA:206,0
DA:207,0
DA:208,0
DA:211,0
DA:213,0
DA:214,0
DA:215,0
DA:216,0
DA:217,0
DA:225,0
DA:226,0
DA:227,0
DA:228,0
DA:231,0
DA:237,20
DA:238,0
DA:239,0
DA:241,0
DA:242,0
DA:243,0
DA:244,0
DA:249,20
DA:250,0
DA:251,0
DA:254,0
DA:255,0
DA:256,0
DA:257,0
DA:258,0
DA:259,0
DA:260,0
DA:261,0
DA:262,0
DA:263,0
DA:268,20
DA:269,0
DA:272,20
DA:273,0
DA:274,0
DA:278,20
DA:279,0
DA:280,0
DA:281,0
DA:282,0
DA:291,0
DA:293,0
DA:294,0
DA:297,0
DA:299,0
DA:300,0
DA:301,0
DA:302,0
DA:304,0
DA:305,0
DA:306,0
DA:311,0
DA:312,0
LF:158
LH:23
BRDA:26,0,0,0
BRDA:26,0,1,0
BRDA:43,1,0,9
BRDA:43,1,1,0
BRDA:46,2,0,0
BRDA:46,2,1,0
BRDA:49,3,0,0
BRDA:49,3,1,0
BRDA:52,4,0,0
BRDA:52,4,1,0
BRDA:52,5,0,0
BRDA:52,5,1,0
BRDA:64,6,0,0
BRDA:64,6,1,0
BRDA:64,7,0,0
BRDA:64,7,1,0
BRDA:89,8,0,0
BRDA:90,9,0,0
BRDA:90,9,1,0
BRDA:102,10,0,0
BRDA:102,10,1,0
BRDA:110,11,0,0
BRDA:110,11,1,0
BRDA:115,12,0,0
BRDA:115,12,1,0
BRDA:122,13,0,0
BRDA:122,13,1,0
BRDA:132,14,0,0
BRDA:132,14,1,0
BRDA:139,15,0,0
BRDA:139,15,1,0
BRDA:161,16,0,0
BRDA:161,16,1,0
BRDA:164,17,0,0
BRDA:164,17,1,0
BRDA:171,18,0,0
BRDA:171,18,1,0
BRDA:173,19,0,0
BRDA:173,19,1,0
BRDA:182,20,0,0
BRDA:182,20,1,0
BRDA:184,21,0,0
BRDA:184,21,1,0
BRDA:193,22,0,0
BRDA:193,22,1,0
BRDA:195,23,0,0
BRDA:195,23,1,0
BRDA:207,24,0,0
BRDA:207,24,1,0
BRDA:215,25,0,0
BRDA:215,25,1,0
BRDA:238,26,0,0
BRDA:238,26,1,0
BRDA:241,27,0,0
BRDA:241,27,1,0
BRDA:241,28,0,0
BRDA:241,28,1,0
BRDA:250,29,0,0
BRDA:250,29,1,0
BRDA:250,30,0,0
BRDA:250,30,1,0
BRDA:254,31,0,0
BRDA:254,31,1,0
BRDA:254,32,0,0
BRDA:254,32,1,0
BRDA:259,33,0,0
BRDA:259,33,1,0
BRDA:279,34,0,0
BRDA:279,34,1,0
BRDA:281,35,0,0
BRDA:281,35,1,0
BRDA:281,36,0,0
BRDA:281,36,1,0
BRDA:293,37,0,0
BRDA:293,37,1,0
BRDA:297,38,0,0
BRDA:297,38,1,0
BRDA:302,39,0,0
BRDA:302,39,1,0
BRF:79
BRH:1
end_of_record
TN:
SF:src\core\ShaderManager.js
FN:5,(anonymous_0)
FN:11,(anonymous_1)
FN:20,(anonymous_2)
FN:31,(anonymous_3)
FN:38,(anonymous_4)
FN:83,(anonymous_5)
FN:89,(anonymous_6)
FN:96,(anonymous_7)
FN:100,(anonymous_8)
FN:151,(anonymous_9)
FN:161,(anonymous_10)
FNF:11
FNH:0
FNDA:0,(anonymous_0)
FNDA:0,(anonymous_1)
FNDA:0,(anonymous_2)
FNDA:0,(anonymous_3)
FNDA:0,(anonymous_4)
FNDA:0,(anonymous_5)
FNDA:0,(anonymous_6)
FNDA:0,(anonymous_7)
FNDA:0,(anonymous_8)
FNDA:0,(anonymous_9)
FNDA:0,(anonymous_10)
DA:6,0
DA:7,0
DA:8,0
DA:12,0
DA:17,0
DA:21,0
DA:22,0
DA:25,0
DA:26,0
DA:27,0
DA:28,0
DA:32,0
DA:33,0
DA:35,0
DA:39,0
DA:40,0
DA:43,0
DA:44,0
DA:46,0
DA:47,0
DA:48,0
DA:49,0
DA:52,0
DA:53,0
DA:54,0
DA:55,0
DA:56,0
DA:58,0
DA:59,0
DA:60,0
DA:61,0
DA:62,0
DA:64,0
DA:65,0
DA:66,0
DA:67,0
DA:68,0
DA:70,0
DA:71,0
DA:72,0
DA:73,0
DA:74,0
DA:76,0
DA:77,0
DA:78,0
DA:79,0
DA:80,0
DA:84,0
DA:85,0
DA:90,0
DA:91,0
DA:93,0
DA:97,0
DA:101,0
DA:103,0
DA:152,0
DA:164,0
LF:57
LH:0
BRDA:21,0,0,0
BRDA:21,0,1,0
BRDA:32,1,0,0
BRDA:32,1,1,0
BRDA:35,2,0,0
BRDA:35,2,1,0
BRDA:39,3,0,0
BRDA:39,3,1,0
BRDA:84,4,0,0
BRDA:84,4,1,0
BRDA:90,5,0,0
BRDA:90,5,1,0
BRDA:97,6,0,0
BRDA:97,6,1,0
BRF:14
BRH:0
end_of_record
TN:
SF:src\core\TextureLoader.js
FN:6,(anonymous_0)
FN:12,(anonymous_1)
FN:13,(anonymous_2)
FN:14,(anonymous_3)
FN:20,(anonymous_4)
FN:26,(anonymous_5)
FN:34,(anonymous_6)
FN:35,(anonymous_7)
FN:36,(anonymous_8)
FN:43,(anonymous_9)
FN:47,(anonymous_10)
FN:55,(anonymous_11)
FN:59,(anonymous_12)
FN:63,(anonymous_13)
FN:67,(anonymous_14)
FN:68,(anonymous_15)
FNF:16
FNH:0
FNDA:0,(anonymous_0)
FNDA:0,(anonymous_1)
FNDA:0,(anonymous_2)
FNDA:0,(anonymous_3)
FNDA:0,(anonymous_4)
FNDA:0,(anonymous_5)
FNDA:0,(anonymous_6)
FNDA:0,(anonymous_7)
FNDA:0,(anonymous_8)
FNDA:0,(anonymous_9)
FNDA:0,(anonymous_10)
FNDA:0,(anonymous_11)
FNDA:0,(anonymous_12)
FNDA:0,(anonymous_13)
FNDA:0,(anonymous_14)
FNDA:0,(anonymous_15)
DA:7,0
DA:8,0
DA:9,0
DA:13,0
DA:14,0
DA:15,0
DA:18,0
DA:21,0
DA:22,0
DA:23,0
DA:27,0
DA:28,0
DA:35,0
DA:36,0
DA:37,0
DA:38,0
DA:42,0
DA:43,0
DA:44,0
DA:48,0
DA:49,0
DA:50,0
DA:56,0
DA:60,0
DA:64,0
DA:68,0
DA:69,0
DA:70,0
DA:73,0
LF:29
LH:0
BRDA:56,0,0,0
BRDA:56,0,1,0
BRDA:69,1,0,0
BRDA:69,1,1,0
BRF:4
BRH:0
end_of_record
TN:
SF:src\core\TransitionManager.js
FN:7,(anonymous_0)
FN:13,(anonymous_1)
FN:25,(anonymous_2)
FN:33,(anonymous_3)
FN:42,(anonymous_4)
FN:50,(anonymous_5)
FN:66,(anonymous_6)
FN:70,(anonymous_7)
FNF:8
FNH:0
FNDA:0,(anonymous_0)
FNDA:0,(anonymous_1)
FNDA:0,(anonymous_2)
FNDA:0,(anonymous_3)
FNDA:0,(anonymous_4)
FNDA:0,(anonymous_5)
FNDA:0,(anonymous_6)
FNDA:0,(anonymous_7)
DA:8,0
DA:9,0
DA:10,0
DA:14,0
DA:15,0
DA:16,0
DA:19,0
DA:22,0
DA:25,0
DA:26,0
DA:34,0
DA:35,0
DA:43,0
DA:44,0
DA:45,0
DA:47,0
DA:52,0
DA:55,0
DA:57,0
DA:58,0
DA:61,0
DA:62,0
DA:67,0
DA:71,0
LF:24
LH:0
BRDA:14,0,0,0
BRDA:14,0,1,0
BRDA:43,1,0,0
BRDA:43,1,1,0
BRDA:61,2,0,0
BRDA:61,2,1,0
BRF:6
BRH:0
end_of_record
TN:
SF:src\core\UIController.js
FN:7,(anonymous_0)
FN:19,(anonymous_1)
FN:33,(anonymous_2)
FN:67,(anonymous_3)
FN:87,(anonymous_4)
FN:108,(anonymous_5)
FN:115,(anonymous_6)
FN:130,(anonymous_7)
FN:144,(anonymous_8)
FN:184,(anonymous_9)
FN:224,(anonymous_10)
FN:264,(anonymous_11)
FN:304,(anonymous_12)
FN:344,(anonymous_13)
FN:345,(anonymous_14)
FN:379,(anonymous_15)
FN:387,(anonymous_16)
FN:409,(anonymous_17)
FN:410,(anonymous_18)
FN:417,(anonymous_19)
FN:434,(anonymous_20)
FN:441,(anonymous_21)
FN:449,(anonymous_22)
FN:465,(anonymous_23)
FN:470,(anonymous_24)
FN:477,(anonymous_25)
FN:484,(anonymous_26)
FN:491,(anonymous_27)
FN:495,(anonymous_28)
FNF:29
FNH:0
FNDA:0,(anonymous_0)
FNDA:0,(anonymous_1)
FNDA:0,(anonymous_2)
FNDA:0,(anonymous_3)
FNDA:0,(anonymous_4)
FNDA:0,(anonymous_5)
FNDA:0,(anonymous_6)
FNDA:0,(anonymous_7)
FNDA:0,(anonymous_8)
FNDA:0,(anonymous_9)
FNDA:0,(anonymous_10)
FNDA:0,(anonymous_11)
FNDA:0,(anonymous_12)
FNDA:0,(anonymous_13)
FNDA:0,(anonymous_14)
FNDA:0,(anonymous_15)
FNDA:0,(anonymous_16)
FNDA:0,(anonymous_17)
FNDA:0,(anonymous_18)
FNDA:0,(anonymous_19)
FNDA:0,(anonymous_20)
FNDA:0,(anonymous_21)
FNDA:0,(anonymous_22)
FNDA:0,(anonymous_23)
FNDA:0,(anonymous_24)
FNDA:0,(anonymous_25)
FNDA:0,(anonymous_26)
FNDA:0,(anonymous_27)
FNDA:0,(anonymous_28)
DA:8,0
DA:9,0
DA:10,0
DA:12,0
DA:13,0
DA:14,0
DA:16,0
DA:20,0
DA:24,0
DA:25,0
DA:26,0
DA:27,0
DA:28,0
DA:29,0
DA:30,0
DA:34,0
DA:38,0
DA:45,0
DA:52,0
DA:59,0
DA:68,0
DA:72,0
DA:79,0
DA:88,0
DA:92,0
DA:104,0
DA:109,0
DA:110,0
DA:116,0
DA:120,0
DA:131,0
DA:132,0
DA:133,0
DA:134,0
DA:135,0
DA:138,0
DA:145,0
DA:147,0
DA:153,0
DA:159,0
DA:165,0
DA:171,0
DA:178,0
DA:185,0
DA:187,0
DA:193,0
DA:199,0
DA:205,0
DA:211,0
DA:218,0
DA:225,0
DA:227,0
DA:233,0
DA:239,0
DA:245,0
DA:251,0
DA:258,0
DA:265,0
DA:267,0
DA:273,0
DA:279,0
DA:285,0
DA:291,0
DA:298,0
DA:305,0
DA:307,0
DA:313,0
DA:319,0
DA:325,0
DA:331,0
DA:338,0
DA:345,0
DA:346,0
DA:347,0
DA:351,0
DA:352,0
DA:355,0
DA:356,0
DA:364,0
DA:370,0
DA:371,0
DA:374,0
DA:379,0
DA:380,0
DA:381,0
DA:382,0
DA:389,0
DA:392,0
DA:395,0
DA:398,0
DA:399,0
DA:402,0
DA:403,0
DA:406,0
DA:410,0
DA:411,0
DA:412,0
DA:419,0
DA:420,0
DA:424,0
DA:435,0
DA:436,0
DA:437,0
DA:440,0
DA:441,0
DA:442,0
DA:444,0
DA:446,0
DA:450,0
DA:451,0
DA:452,0
DA:455,0
DA:458,0
DA:461,0
DA:463,0
DA:465,0
DA:466,0
DA:471,0
DA:472,0
DA:473,0
DA:478,0
DA:479,0
DA:480,0
DA:485,0
DA:486,0
DA:487,0
DA:492,0
DA:496,0
DA:497,0
LF:129
LH:0
BRDA:109,0,0,0
BRDA:109,0,1,0
BRDA:346,1,0,0
BRDA:346,1,1,0
BRDA:351,2,0,0
BRDA:351,2,1,0
BRDA:355,3,0,0
BRDA:355,3,1,0
BRDA:364,4,0,0
BRDA:364,4,1,0
BRDA:365,5,0,0
BRDA:365,5,1,0
BRDA:365,5,2,0
BRDA:365,5,3,0
BRDA:380,6,0,0
BRDA:380,6,1,0
BRDA:402,7,0,0
BRDA:402,7,1,0
BRDA:411,8,0,0
BRDA:411,8,1,0
BRDA:419,9,0,0
BRDA:419,9,1,0
BRDA:436,10,0,0
BRDA:436,10,1,0
BRDA:451,11,0,0
BRDA:451,11,1,0
BRDA:451,12,0,0
BRDA:451,12,1,0
BRDA:472,13,0,0
BRDA:472,13,1,0
BRDA:479,14,0,0
BRDA:479,14,1,0
BRDA:486,15,0,0
BRDA:486,15,1,0
BRDA:487,16,0,0
BRDA:487,16,1,0
BRDA:496,17,0,0
BRDA:496,17,1,0
BRF:38
BRH:0
end_of_record
TN:
SF:src\utils\Randomizer.js
FN:6,(anonymous_0)
FN:10,(anonymous_1)
FN:23,(anonymous_2)
FN:28,(anonymous_3)
FN:35,(anonymous_4)
FN:55,(anonymous_5)
FN:63,(anonymous_6)
FN:71,(anonymous_7)
FN:79,(anonymous_8)
FN:87,(anonymous_9)
FN:95,(anonymous_10)
FNF:11
FNH:0
FNDA:0,(anonymous_0)
FNDA:0,(anonymous_1)
FNDA:0,(anonymous_2)
FNDA:0,(anonymous_3)
FNDA:0,(anonymous_4)
FNDA:0,(anonymous_5)
FNDA:0,(anonymous_6)
FNDA:0,(anonymous_7)
FNDA:0,(anonymous_8)
FNDA:0,(anonymous_9)
FNDA:0,(anonymous_10)
DA:7,0
DA:11,0
DA:12,0
DA:14,0
DA:16,0
DA:18,0
DA:20,0
DA:24,0
DA:25,0
DA:29,0
DA:30,0
DA:31,0
DA:32,0
DA:36,0
DA:38,0
DA:39,0
DA:41,0
DA:42,0
DA:44,0
DA:45,0
DA:47,0
DA:48,0
DA:50,0
DA:51,0
DA:56,0
DA:57,0
DA:58,0
DA:59,0
DA:60,0
DA:64,0
DA:65,0
DA:66,0
DA:67,0
DA:68,0
DA:72,0
DA:73,0
DA:74,0
DA:75,0
DA:76,0
DA:80,0
DA:81,0
DA:82,0
DA:83,0
DA:84,0
DA:88,0
DA:89,0
DA:90,0
DA:91,0
DA:92,0
DA:96,0
LF:50
LH:0
BRDA:36,0,0,0
BRDA:36,0,1,0
BRDA:36,0,2,0
BRDA:36,0,3,0
BRDA:36,0,4,0
BRF:5
BRH:0
end_of_record
